Info: Generated by version: 18.1 build 222
Info: Starting: Create simulation model
Info: qsys-generate /tmp/arc/845491436/alt7821_7604303068892519685.dir/0002_alt_em10g32_0_gen/rtl/address_decoder/address_decode.qsys --simulation=VERILOG --allow-mixed-language-simulation --output-directory=/tmp/arc/845491436/alt7821_7604303068892519685.dir/0002_alt_em10g32_0_gen/rtl/address_decoder/address_decode --family="Stratix 10" --part=1SG280HU2F50E2VG
Progress: Loading address_decoder/address_decode.qsys
Progress: Reading input file
Progress: Adding clk_csr [altera_generic_component 1.0]
Progress: Parameterizing module clk_csr
Progress: Adding eth_gen_mon_0 [altera_generic_component 1.0]
Progress: Parameterizing module eth_gen_mon_0
Progress: Adding eth_gen_mon_1 [altera_generic_component 1.0]
Progress: Parameterizing module eth_gen_mon_1
Progress: Adding eth_gen_mon_10 [altera_generic_component 1.0]
Progress: Parameterizing module eth_gen_mon_10
Progress: Adding eth_gen_mon_11 [altera_generic_component 1.0]
Progress: Parameterizing module eth_gen_mon_11
Progress: Adding eth_gen_mon_2 [altera_generic_component 1.0]
Progress: Parameterizing module eth_gen_mon_2
Progress: Adding eth_gen_mon_3 [altera_generic_component 1.0]
Progress: Parameterizing module eth_gen_mon_3
Progress: Adding eth_gen_mon_4 [altera_generic_component 1.0]
Progress: Parameterizing module eth_gen_mon_4
Progress: Adding eth_gen_mon_5 [altera_generic_component 1.0]
Progress: Parameterizing module eth_gen_mon_5
Progress: Adding eth_gen_mon_6 [altera_generic_component 1.0]
Progress: Parameterizing module eth_gen_mon_6
Progress: Adding eth_gen_mon_7 [altera_generic_component 1.0]
Progress: Parameterizing module eth_gen_mon_7
Progress: Adding eth_gen_mon_8 [altera_generic_component 1.0]
Progress: Parameterizing module eth_gen_mon_8
Progress: Adding eth_gen_mon_9 [altera_generic_component 1.0]
Progress: Parameterizing module eth_gen_mon_9
Progress: Adding master_0 [altera_generic_component 1.0]
Progress: Parameterizing module master_0
Progress: Adding merlin_master_translator_0 [altera_generic_component 1.0]
Progress: Parameterizing module merlin_master_translator_0
Progress: Adding mm_to_mac_0 [altera_generic_component 1.0]
Progress: Parameterizing module mm_to_mac_0
Progress: Adding mm_to_mac_1 [altera_generic_component 1.0]
Progress: Parameterizing module mm_to_mac_1
Progress: Adding mm_to_mac_10 [altera_generic_component 1.0]
Progress: Parameterizing module mm_to_mac_10
Progress: Adding mm_to_mac_11 [altera_generic_component 1.0]
Progress: Parameterizing module mm_to_mac_11
Progress: Adding mm_to_mac_2 [altera_generic_component 1.0]
Progress: Parameterizing module mm_to_mac_2
Progress: Adding mm_to_mac_3 [altera_generic_component 1.0]
Progress: Parameterizing module mm_to_mac_3
Progress: Adding mm_to_mac_4 [altera_generic_component 1.0]
Progress: Parameterizing module mm_to_mac_4
Progress: Adding mm_to_mac_5 [altera_generic_component 1.0]
Progress: Parameterizing module mm_to_mac_5
Progress: Adding mm_to_mac_6 [altera_generic_component 1.0]
Progress: Parameterizing module mm_to_mac_6
Progress: Adding mm_to_mac_7 [altera_generic_component 1.0]
Progress: Parameterizing module mm_to_mac_7
Progress: Adding mm_to_mac_8 [altera_generic_component 1.0]
Progress: Parameterizing module mm_to_mac_8
Progress: Adding mm_to_mac_9 [altera_generic_component 1.0]
Progress: Parameterizing module mm_to_mac_9
Progress: Adding mm_to_phy_0 [altera_generic_component 1.0]
Progress: Parameterizing module mm_to_phy_0
Progress: Adding mm_to_phy_1 [altera_generic_component 1.0]
Progress: Parameterizing module mm_to_phy_1
Progress: Adding mm_to_phy_10 [altera_generic_component 1.0]
Progress: Parameterizing module mm_to_phy_10
Progress: Adding mm_to_phy_11 [altera_generic_component 1.0]
Progress: Parameterizing module mm_to_phy_11
Progress: Adding mm_to_phy_2 [altera_generic_component 1.0]
Progress: Parameterizing module mm_to_phy_2
Progress: Adding mm_to_phy_3 [altera_generic_component 1.0]
Progress: Parameterizing module mm_to_phy_3
Progress: Adding mm_to_phy_4 [altera_generic_component 1.0]
Progress: Parameterizing module mm_to_phy_4
Progress: Adding mm_to_phy_5 [altera_generic_component 1.0]
Progress: Parameterizing module mm_to_phy_5
Progress: Adding mm_to_phy_6 [altera_generic_component 1.0]
Progress: Parameterizing module mm_to_phy_6
Progress: Adding mm_to_phy_7 [altera_generic_component 1.0]
Progress: Parameterizing module mm_to_phy_7
Progress: Adding mm_to_phy_8 [altera_generic_component 1.0]
Progress: Parameterizing module mm_to_phy_8
Progress: Adding mm_to_phy_9 [altera_generic_component 1.0]
Progress: Parameterizing module mm_to_phy_9
Progress: Adding rx_sc_fifo_0 [altera_generic_component 1.0]
Progress: Parameterizing module rx_sc_fifo_0
Progress: Adding rx_sc_fifo_1 [altera_generic_component 1.0]
Progress: Parameterizing module rx_sc_fifo_1
Progress: Adding rx_sc_fifo_10 [altera_generic_component 1.0]
Progress: Parameterizing module rx_sc_fifo_10
Progress: Adding rx_sc_fifo_11 [altera_generic_component 1.0]
Progress: Parameterizing module rx_sc_fifo_11
Progress: Adding rx_sc_fifo_2 [altera_generic_component 1.0]
Progress: Parameterizing module rx_sc_fifo_2
Progress: Adding rx_sc_fifo_3 [altera_generic_component 1.0]
Progress: Parameterizing module rx_sc_fifo_3
Progress: Adding rx_sc_fifo_4 [altera_generic_component 1.0]
Progress: Parameterizing module rx_sc_fifo_4
Progress: Adding rx_sc_fifo_5 [altera_generic_component 1.0]
Progress: Parameterizing module rx_sc_fifo_5
Progress: Adding rx_sc_fifo_6 [altera_generic_component 1.0]
Progress: Parameterizing module rx_sc_fifo_6
Progress: Adding rx_sc_fifo_7 [altera_generic_component 1.0]
Progress: Parameterizing module rx_sc_fifo_7
Progress: Adding rx_sc_fifo_8 [altera_generic_component 1.0]
Progress: Parameterizing module rx_sc_fifo_8
Progress: Adding rx_sc_fifo_9 [altera_generic_component 1.0]
Progress: Parameterizing module rx_sc_fifo_9
Progress: Adding rx_xcvr_clk [altera_generic_component 1.0]
Progress: Parameterizing module rx_xcvr_clk
Progress: Adding tx_sc_fifo_0 [altera_generic_component 1.0]
Progress: Parameterizing module tx_sc_fifo_0
Progress: Adding tx_sc_fifo_1 [altera_generic_component 1.0]
Progress: Parameterizing module tx_sc_fifo_1
Progress: Adding tx_sc_fifo_10 [altera_generic_component 1.0]
Progress: Parameterizing module tx_sc_fifo_10
Progress: Adding tx_sc_fifo_11 [altera_generic_component 1.0]
Progress: Parameterizing module tx_sc_fifo_11
Progress: Adding tx_sc_fifo_2 [altera_generic_component 1.0]
Progress: Parameterizing module tx_sc_fifo_2
Progress: Adding tx_sc_fifo_3 [altera_generic_component 1.0]
Progress: Parameterizing module tx_sc_fifo_3
Progress: Adding tx_sc_fifo_4 [altera_generic_component 1.0]
Progress: Parameterizing module tx_sc_fifo_4
Progress: Adding tx_sc_fifo_5 [altera_generic_component 1.0]
Progress: Parameterizing module tx_sc_fifo_5
Progress: Adding tx_sc_fifo_6 [altera_generic_component 1.0]
Progress: Parameterizing module tx_sc_fifo_6
Progress: Adding tx_sc_fifo_7 [altera_generic_component 1.0]
Progress: Parameterizing module tx_sc_fifo_7
Progress: Adding tx_sc_fifo_8 [altera_generic_component 1.0]
Progress: Parameterizing module tx_sc_fifo_8
Progress: Adding tx_sc_fifo_9 [altera_generic_component 1.0]
Progress: Parameterizing module tx_sc_fifo_9
Progress: Adding tx_xcvr_clk [altera_generic_component 1.0]
Progress: Parameterizing module tx_xcvr_clk
Progress: Adding tx_xcvr_half_clk [altera_generic_component 1.0]
Progress: Parameterizing module tx_xcvr_half_clk
Progress: Building connections
Progress: Parameterizing connections
Progress: Validating
Progress: Done reading input file
Component Instantiation Warning: address_decode.clk_csr: Project Setting information doesn't match IP Variant file. Double-click to open System Info tab.
Component Instantiation Warning: address_decode.eth_gen_mon_0: Project Setting information doesn't match IP Variant file. Double-click to open System Info tab.
Component Instantiation Warning: address_decode.eth_gen_mon_1: Project Setting information doesn't match IP Variant file. Double-click to open System Info tab.
Component Instantiation Warning: address_decode.eth_gen_mon_10: Project Setting information doesn't match IP Variant file. Double-click to open System Info tab.
Component Instantiation Warning: address_decode.eth_gen_mon_11: Project Setting information doesn't match IP Variant file. Double-click to open System Info tab.
Component Instantiation Warning: address_decode.eth_gen_mon_2: Project Setting information doesn't match IP Variant file. Double-click to open System Info tab.
Component Instantiation Warning: address_decode.eth_gen_mon_3: Project Setting information doesn't match IP Variant file. Double-click to open System Info tab.
Component Instantiation Warning: address_decode.eth_gen_mon_4: Project Setting information doesn't match IP Variant file. Double-click to open System Info tab.
Component Instantiation Warning: address_decode.eth_gen_mon_5: Project Setting information doesn't match IP Variant file. Double-click to open System Info tab.
Component Instantiation Warning: address_decode.eth_gen_mon_6: Project Setting information doesn't match IP Variant file. Double-click to open System Info tab.
Component Instantiation Warning: address_decode.eth_gen_mon_7: Project Setting information doesn't match IP Variant file. Double-click to open System Info tab.
Component Instantiation Warning: address_decode.eth_gen_mon_8: Project Setting information doesn't match IP Variant file. Double-click to open System Info tab.
Component Instantiation Warning: address_decode.eth_gen_mon_9: Project Setting information doesn't match IP Variant file. Double-click to open System Info tab.
Component Instantiation Warning: address_decode.master_0: Project Setting information doesn't match IP Variant file. Double-click to open System Info tab.
Component Instantiation Warning: address_decode.merlin_master_translator_0: Project Setting information doesn't match IP Variant file. Double-click to open System Info tab.
Component Instantiation Warning: address_decode.mm_to_mac_0: Project Setting information doesn't match IP Variant file. Double-click to open System Info tab.
Component Instantiation Warning: address_decode.mm_to_mac_1: Project Setting information doesn't match IP Variant file. Double-click to open System Info tab.
Component Instantiation Warning: address_decode.mm_to_mac_10: Project Setting information doesn't match IP Variant file. Double-click to open System Info tab.
Component Instantiation Warning: address_decode.mm_to_mac_11: Project Setting information doesn't match IP Variant file. Double-click to open System Info tab.
Component Instantiation Warning: address_decode.mm_to_mac_2: Project Setting information doesn't match IP Variant file. Double-click to open System Info tab.
Component Instantiation Warning: address_decode.mm_to_mac_3: Project Setting information doesn't match IP Variant file. Double-click to open System Info tab.
Component Instantiation Warning: address_decode.mm_to_mac_4: Project Setting information doesn't match IP Variant file. Double-click to open System Info tab.
Component Instantiation Warning: address_decode.mm_to_mac_5: Project Setting information doesn't match IP Variant file. Double-click to open System Info tab.
Component Instantiation Warning: address_decode.mm_to_mac_6: Project Setting information doesn't match IP Variant file. Double-click to open System Info tab.
Component Instantiation Warning: address_decode.mm_to_mac_7: Project Setting information doesn't match IP Variant file. Double-click to open System Info tab.
Component Instantiation Warning: address_decode.mm_to_mac_8: Project Setting information doesn't match IP Variant file. Double-click to open System Info tab.
Component Instantiation Warning: address_decode.mm_to_mac_9: Project Setting information doesn't match IP Variant file. Double-click to open System Info tab.
Component Instantiation Warning: address_decode.mm_to_phy_0: Project Setting information doesn't match IP Variant file. Double-click to open System Info tab.
Component Instantiation Warning: address_decode.mm_to_phy_1: Project Setting information doesn't match IP Variant file. Double-click to open System Info tab.
Component Instantiation Warning: address_decode.mm_to_phy_10: Project Setting information doesn't match IP Variant file. Double-click to open System Info tab.
Component Instantiation Warning: address_decode.mm_to_phy_11: Project Setting information doesn't match IP Variant file. Double-click to open System Info tab.
Component Instantiation Warning: address_decode.mm_to_phy_2: Project Setting information doesn't match IP Variant file. Double-click to open System Info tab.
Component Instantiation Warning: address_decode.mm_to_phy_3: Project Setting information doesn't match IP Variant file. Double-click to open System Info tab.
Component Instantiation Warning: address_decode.mm_to_phy_4: Project Setting information doesn't match IP Variant file. Double-click to open System Info tab.
Component Instantiation Warning: address_decode.mm_to_phy_5: Project Setting information doesn't match IP Variant file. Double-click to open System Info tab.
Component Instantiation Warning: address_decode.mm_to_phy_6: Project Setting information doesn't match IP Variant file. Double-click to open System Info tab.
Component Instantiation Warning: address_decode.mm_to_phy_7: Project Setting information doesn't match IP Variant file. Double-click to open System Info tab.
Component Instantiation Warning: address_decode.mm_to_phy_8: Project Setting information doesn't match IP Variant file. Double-click to open System Info tab.
Component Instantiation Warning: address_decode.mm_to_phy_9: Project Setting information doesn't match IP Variant file. Double-click to open System Info tab.
Component Instantiation Warning: address_decode.rx_sc_fifo_0: Project Setting information doesn't match IP Variant file. Double-click to open System Info tab.
Component Instantiation Warning: address_decode.rx_sc_fifo_1: Project Setting information doesn't match IP Variant file. Double-click to open System Info tab.
Component Instantiation Warning: address_decode.rx_sc_fifo_10: Project Setting information doesn't match IP Variant file. Double-click to open System Info tab.
Component Instantiation Warning: address_decode.rx_sc_fifo_11: Project Setting information doesn't match IP Variant file. Double-click to open System Info tab.
Component Instantiation Warning: address_decode.rx_sc_fifo_2: Project Setting information doesn't match IP Variant file. Double-click to open System Info tab.
Component Instantiation Warning: address_decode.rx_sc_fifo_3: Project Setting information doesn't match IP Variant file. Double-click to open System Info tab.
Component Instantiation Warning: address_decode.rx_sc_fifo_4: Project Setting information doesn't match IP Variant file. Double-click to open System Info tab.
Component Instantiation Warning: address_decode.rx_sc_fifo_5: Project Setting information doesn't match IP Variant file. Double-click to open System Info tab.
Component Instantiation Warning: address_decode.rx_sc_fifo_6: Project Setting information doesn't match IP Variant file. Double-click to open System Info tab.
Component Instantiation Warning: address_decode.rx_sc_fifo_7: Project Setting information doesn't match IP Variant file. Double-click to open System Info tab.
Component Instantiation Warning: address_decode.rx_sc_fifo_8: Project Setting information doesn't match IP Variant file. Double-click to open System Info tab.
Component Instantiation Warning: address_decode.rx_sc_fifo_9: Project Setting information doesn't match IP Variant file. Double-click to open System Info tab.
Component Instantiation Warning: address_decode.rx_xcvr_clk: Project Setting information doesn't match IP Variant file. Double-click to open System Info tab.
Component Instantiation Warning: address_decode.tx_sc_fifo_0: Project Setting information doesn't match IP Variant file. Double-click to open System Info tab.
Component Instantiation Warning: address_decode.tx_sc_fifo_1: Project Setting information doesn't match IP Variant file. Double-click to open System Info tab.
Component Instantiation Warning: address_decode.tx_sc_fifo_10: Project Setting information doesn't match IP Variant file. Double-click to open System Info tab.
Component Instantiation Warning: address_decode.tx_sc_fifo_11: Project Setting information doesn't match IP Variant file. Double-click to open System Info tab.
Component Instantiation Warning: address_decode.tx_sc_fifo_2: Project Setting information doesn't match IP Variant file. Double-click to open System Info tab.
Component Instantiation Warning: address_decode.tx_sc_fifo_3: Project Setting information doesn't match IP Variant file. Double-click to open System Info tab.
Component Instantiation Warning: address_decode.tx_sc_fifo_4: Project Setting information doesn't match IP Variant file. Double-click to open System Info tab.
Component Instantiation Warning: address_decode.tx_sc_fifo_5: Project Setting information doesn't match IP Variant file. Double-click to open System Info tab.
Component Instantiation Warning: address_decode.tx_sc_fifo_6: Project Setting information doesn't match IP Variant file. Double-click to open System Info tab.
Component Instantiation Warning: address_decode.tx_sc_fifo_7: Project Setting information doesn't match IP Variant file. Double-click to open System Info tab.
Component Instantiation Warning: address_decode.tx_sc_fifo_8: Project Setting information doesn't match IP Variant file. Double-click to open System Info tab.
Component Instantiation Warning: address_decode.tx_sc_fifo_9: Project Setting information doesn't match IP Variant file. Double-click to open System Info tab.
Component Instantiation Warning: address_decode.tx_xcvr_clk: Project Setting information doesn't match IP Variant file. Double-click to open System Info tab.
Component Instantiation Warning: address_decode.tx_xcvr_half_clk: Project Setting information doesn't match IP Variant file. Double-click to open System Info tab.
Info: address_decode: "Transforming system: address_decode"
Info: Inserting clock-crossing logic between cmd_demux.src2 and cmd_mux_002.sink0
Info: Inserting clock-crossing logic between cmd_demux.src3 and cmd_mux_003.sink0
Info: Inserting clock-crossing logic between cmd_demux.src4 and cmd_mux_004.sink0
Info: Inserting clock-crossing logic between cmd_demux.src7 and cmd_mux_007.sink0
Info: Inserting clock-crossing logic between cmd_demux.src8 and cmd_mux_008.sink0
Info: Inserting clock-crossing logic between cmd_demux.src9 and cmd_mux_009.sink0
Info: Inserting clock-crossing logic between cmd_demux.src12 and cmd_mux_012.sink0
Info: Inserting clock-crossing logic between cmd_demux.src13 and cmd_mux_013.sink0
Info: Inserting clock-crossing logic between cmd_demux.src14 and cmd_mux_014.sink0
Info: Inserting clock-crossing logic between cmd_demux.src17 and cmd_mux_017.sink0
Info: Inserting clock-crossing logic between cmd_demux.src18 and cmd_mux_018.sink0
Info: Inserting clock-crossing logic between cmd_demux.src19 and cmd_mux_019.sink0
Info: Inserting clock-crossing logic between cmd_demux.src22 and cmd_mux_022.sink0
Info: Inserting clock-crossing logic between cmd_demux.src23 and cmd_mux_023.sink0
Info: Inserting clock-crossing logic between cmd_demux.src24 and cmd_mux_024.sink0
Info: Inserting clock-crossing logic between cmd_demux.src27 and cmd_mux_027.sink0
Info: Inserting clock-crossing logic between cmd_demux.src28 and cmd_mux_028.sink0
Info: Inserting clock-crossing logic between cmd_demux.src29 and cmd_mux_029.sink0
Info: Inserting clock-crossing logic between cmd_demux.src32 and cmd_mux_032.sink0
Info: Inserting clock-crossing logic between cmd_demux.src33 and cmd_mux_033.sink0
Info: Inserting clock-crossing logic between cmd_demux.src34 and cmd_mux_034.sink0
Info: Inserting clock-crossing logic between cmd_demux.src37 and cmd_mux_037.sink0
Info: Inserting clock-crossing logic between cmd_demux.src38 and cmd_mux_038.sink0
Info: Inserting clock-crossing logic between cmd_demux.src39 and cmd_mux_039.sink0
Info: Inserting clock-crossing logic between cmd_demux.src42 and cmd_mux_042.sink0
Info: Inserting clock-crossing logic between cmd_demux.src43 and cmd_mux_043.sink0
Info: Inserting clock-crossing logic between cmd_demux.src44 and cmd_mux_044.sink0
Info: Inserting clock-crossing logic between cmd_demux.src47 and cmd_mux_047.sink0
Info: Inserting clock-crossing logic between cmd_demux.src48 and cmd_mux_048.sink0
Info: Inserting clock-crossing logic between cmd_demux.src49 and cmd_mux_049.sink0
Info: Inserting clock-crossing logic between cmd_demux.src52 and cmd_mux_052.sink0
Info: Inserting clock-crossing logic between cmd_demux.src53 and cmd_mux_053.sink0
Info: Inserting clock-crossing logic between cmd_demux.src54 and cmd_mux_054.sink0
Info: Inserting clock-crossing logic between cmd_demux.src57 and cmd_mux_057.sink0
Info: Inserting clock-crossing logic between cmd_demux.src58 and cmd_mux_058.sink0
Info: Inserting clock-crossing logic between cmd_demux.src59 and cmd_mux_059.sink0
Info: Inserting clock-crossing logic between cmd_demux_001.src2 and cmd_mux_002.sink1
Info: Inserting clock-crossing logic between cmd_demux_001.src3 and cmd_mux_003.sink1
Info: Inserting clock-crossing logic between cmd_demux_001.src4 and cmd_mux_004.sink1
Info: Inserting clock-crossing logic between cmd_demux_001.src7 and cmd_mux_007.sink1
Info: Inserting clock-crossing logic between cmd_demux_001.src8 and cmd_mux_008.sink1
Info: Inserting clock-crossing logic between cmd_demux_001.src9 and cmd_mux_009.sink1
Info: Inserting clock-crossing logic between cmd_demux_001.src12 and cmd_mux_012.sink1
Info: Inserting clock-crossing logic between cmd_demux_001.src13 and cmd_mux_013.sink1
Info: Inserting clock-crossing logic between cmd_demux_001.src14 and cmd_mux_014.sink1
Info: Inserting clock-crossing logic between cmd_demux_001.src17 and cmd_mux_017.sink1
Info: Inserting clock-crossing logic between cmd_demux_001.src18 and cmd_mux_018.sink1
Info: Inserting clock-crossing logic between cmd_demux_001.src19 and cmd_mux_019.sink1
Info: Inserting clock-crossing logic between cmd_demux_001.src22 and cmd_mux_022.sink1
Info: Inserting clock-crossing logic between cmd_demux_001.src23 and cmd_mux_023.sink1
Info: Inserting clock-crossing logic between cmd_demux_001.src24 and cmd_mux_024.sink1
Info: Inserting clock-crossing logic between cmd_demux_001.src27 and cmd_mux_027.sink1
Info: Inserting clock-crossing logic between cmd_demux_001.src28 and cmd_mux_028.sink1
Info: Inserting clock-crossing logic between cmd_demux_001.src29 and cmd_mux_029.sink1
Info: Inserting clock-crossing logic between cmd_demux_001.src32 and cmd_mux_032.sink1
Info: Inserting clock-crossing logic between cmd_demux_001.src33 and cmd_mux_033.sink1
Info: Inserting clock-crossing logic between cmd_demux_001.src34 and cmd_mux_034.sink1
Info: Inserting clock-crossing logic between cmd_demux_001.src37 and cmd_mux_037.sink1
Info: Inserting clock-crossing logic between cmd_demux_001.src38 and cmd_mux_038.sink1
Info: Inserting clock-crossing logic between cmd_demux_001.src39 and cmd_mux_039.sink1
Info: Inserting clock-crossing logic between cmd_demux_001.src42 and cmd_mux_042.sink1
Info: Inserting clock-crossing logic between cmd_demux_001.src43 and cmd_mux_043.sink1
Info: Inserting clock-crossing logic between cmd_demux_001.src44 and cmd_mux_044.sink1
Info: Inserting clock-crossing logic between cmd_demux_001.src47 and cmd_mux_047.sink1
Info: Inserting clock-crossing logic between cmd_demux_001.src48 and cmd_mux_048.sink1
Info: Inserting clock-crossing logic between cmd_demux_001.src49 and cmd_mux_049.sink1
Info: Inserting clock-crossing logic between cmd_demux_001.src52 and cmd_mux_052.sink1
Info: Inserting clock-crossing logic between cmd_demux_001.src53 and cmd_mux_053.sink1
Info: Inserting clock-crossing logic between cmd_demux_001.src54 and cmd_mux_054.sink1
Info: Inserting clock-crossing logic between cmd_demux_001.src57 and cmd_mux_057.sink1
Info: Inserting clock-crossing logic between cmd_demux_001.src58 and cmd_mux_058.sink1
Info: Inserting clock-crossing logic between cmd_demux_001.src59 and cmd_mux_059.sink1
Info: Inserting clock-crossing logic between rsp_demux_002.src0 and rsp_mux.sink2
Info: Inserting clock-crossing logic between rsp_demux_002.src1 and rsp_mux_001.sink2
Info: Inserting clock-crossing logic between rsp_demux_003.src0 and rsp_mux.sink3
Info: Inserting clock-crossing logic between rsp_demux_003.src1 and rsp_mux_001.sink3
Info: Inserting clock-crossing logic between rsp_demux_004.src0 and rsp_mux.sink4
Info: Inserting clock-crossing logic between rsp_demux_004.src1 and rsp_mux_001.sink4
Info: Inserting clock-crossing logic between rsp_demux_007.src0 and rsp_mux.sink7
Info: Inserting clock-crossing logic between rsp_demux_007.src1 and rsp_mux_001.sink7
Info: Inserting clock-crossing logic between rsp_demux_008.src0 and rsp_mux.sink8
Info: Inserting clock-crossing logic between rsp_demux_008.src1 and rsp_mux_001.sink8
Info: Inserting clock-crossing logic between rsp_demux_009.src0 and rsp_mux.sink9
Info: Inserting clock-crossing logic between rsp_demux_009.src1 and rsp_mux_001.sink9
Info: Inserting clock-crossing logic between rsp_demux_012.src0 and rsp_mux.sink12
Info: Inserting clock-crossing logic between rsp_demux_012.src1 and rsp_mux_001.sink12
Info: Inserting clock-crossing logic between rsp_demux_013.src0 and rsp_mux.sink13
Info: Inserting clock-crossing logic between rsp_demux_013.src1 and rsp_mux_001.sink13
Info: Inserting clock-crossing logic between rsp_demux_014.src0 and rsp_mux.sink14
Info: Inserting clock-crossing logic between rsp_demux_014.src1 and rsp_mux_001.sink14
Info: Inserting clock-crossing logic between rsp_demux_017.src0 and rsp_mux.sink17
Info: Inserting clock-crossing logic between rsp_demux_017.src1 and rsp_mux_001.sink17
Info: Inserting clock-crossing logic between rsp_demux_018.src0 and rsp_mux.sink18
Info: Inserting clock-crossing logic between rsp_demux_018.src1 and rsp_mux_001.sink18
Info: Inserting clock-crossing logic between rsp_demux_019.src0 and rsp_mux.sink19
Info: Inserting clock-crossing logic between rsp_demux_019.src1 and rsp_mux_001.sink19
Info: Inserting clock-crossing logic between rsp_demux_022.src0 and rsp_mux.sink22
Info: Inserting clock-crossing logic between rsp_demux_022.src1 and rsp_mux_001.sink22
Info: Inserting clock-crossing logic between rsp_demux_023.src0 and rsp_mux.sink23
Info: Inserting clock-crossing logic between rsp_demux_023.src1 and rsp_mux_001.sink23
Info: Inserting clock-crossing logic between rsp_demux_024.src0 and rsp_mux.sink24
Info: Inserting clock-crossing logic between rsp_demux_024.src1 and rsp_mux_001.sink24
Info: Inserting clock-crossing logic between rsp_demux_027.src0 and rsp_mux.sink27
Info: Inserting clock-crossing logic between rsp_demux_027.src1 and rsp_mux_001.sink27
Info: Inserting clock-crossing logic between rsp_demux_028.src0 and rsp_mux.sink28
Info: Inserting clock-crossing logic between rsp_demux_028.src1 and rsp_mux_001.sink28
Info: Inserting clock-crossing logic between rsp_demux_029.src0 and rsp_mux.sink29
Info: Inserting clock-crossing logic between rsp_demux_029.src1 and rsp_mux_001.sink29
Info: Inserting clock-crossing logic between rsp_demux_032.src0 and rsp_mux.sink32
Info: Inserting clock-crossing logic between rsp_demux_032.src1 and rsp_mux_001.sink32
Info: Inserting clock-crossing logic between rsp_demux_033.src0 and rsp_mux.sink33
Info: Inserting clock-crossing logic between rsp_demux_033.src1 and rsp_mux_001.sink33
Info: Inserting clock-crossing logic between rsp_demux_034.src0 and rsp_mux.sink34
Info: Inserting clock-crossing logic between rsp_demux_034.src1 and rsp_mux_001.sink34
Info: Inserting clock-crossing logic between rsp_demux_037.src0 and rsp_mux.sink37
Info: Inserting clock-crossing logic between rsp_demux_037.src1 and rsp_mux_001.sink37
Info: Inserting clock-crossing logic between rsp_demux_038.src0 and rsp_mux.sink38
Info: Inserting clock-crossing logic between rsp_demux_038.src1 and rsp_mux_001.sink38
Info: Inserting clock-crossing logic between rsp_demux_039.src0 and rsp_mux.sink39
Info: Inserting clock-crossing logic between rsp_demux_039.src1 and rsp_mux_001.sink39
Info: Inserting clock-crossing logic between rsp_demux_042.src0 and rsp_mux.sink42
Info: Inserting clock-crossing logic between rsp_demux_042.src1 and rsp_mux_001.sink42
Info: Inserting clock-crossing logic between rsp_demux_043.src0 and rsp_mux.sink43
Info: Inserting clock-crossing logic between rsp_demux_043.src1 and rsp_mux_001.sink43
Info: Inserting clock-crossing logic between rsp_demux_044.src0 and rsp_mux.sink44
Info: Inserting clock-crossing logic between rsp_demux_044.src1 and rsp_mux_001.sink44
Info: Inserting clock-crossing logic between rsp_demux_047.src0 and rsp_mux.sink47
Info: Inserting clock-crossing logic between rsp_demux_047.src1 and rsp_mux_001.sink47
Info: Inserting clock-crossing logic between rsp_demux_048.src0 and rsp_mux.sink48
Info: Inserting clock-crossing logic between rsp_demux_048.src1 and rsp_mux_001.sink48
Info: Inserting clock-crossing logic between rsp_demux_049.src0 and rsp_mux.sink49
Info: Inserting clock-crossing logic between rsp_demux_049.src1 and rsp_mux_001.sink49
Info: Inserting clock-crossing logic between rsp_demux_052.src0 and rsp_mux.sink52
Info: Inserting clock-crossing logic between rsp_demux_052.src1 and rsp_mux_001.sink52
Info: Inserting clock-crossing logic between rsp_demux_053.src0 and rsp_mux.sink53
Info: Inserting clock-crossing logic between rsp_demux_053.src1 and rsp_mux_001.sink53
Info: Inserting clock-crossing logic between rsp_demux_054.src0 and rsp_mux.sink54
Info: Inserting clock-crossing logic between rsp_demux_054.src1 and rsp_mux_001.sink54
Info: Inserting clock-crossing logic between rsp_demux_057.src0 and rsp_mux.sink57
Info: Inserting clock-crossing logic between rsp_demux_057.src1 and rsp_mux_001.sink57
Info: Inserting clock-crossing logic between rsp_demux_058.src0 and rsp_mux.sink58
Info: Inserting clock-crossing logic between rsp_demux_058.src1 and rsp_mux_001.sink58
Info: Inserting clock-crossing logic between rsp_demux_059.src0 and rsp_mux.sink59
Info: Inserting clock-crossing logic between rsp_demux_059.src1 and rsp_mux_001.sink59
Info: address_decode: "Naming system components in system: address_decode"
Info: address_decode: "Processing generation queue"
Info: address_decode: "Generating: address_decode"
Info: address_decode: "Generating: address_decode_clk_csr"
Info: address_decode: "Generating: address_decode_eth_gen_mon"
Info: address_decode: "Generating: address_decode_master_0"
Info: address_decode: "Generating: address_decode_merlin_master_translator_0"
Info: address_decode: "Generating: address_decode_mm_to_mac"
Info: address_decode: "Generating: address_decode_mm_to_phy"
Info: address_decode: "Generating: address_decode_rx_sc_fifo"
Info: address_decode: "Generating: address_decode_rx_xcvr_clk"
Info: address_decode: "Generating: address_decode_tx_sc_fifo"
Info: address_decode: "Generating: address_decode_tx_xcvr_clk"
Info: address_decode: "Generating: address_decode_tx_xcvr_half_clk"
Info: address_decode: "Generating: address_decode_altera_mm_interconnect_181_egdbf5q"
Info: address_decode: "Generating: altera_reset_controller"
Info: address_decode: "Generating: address_decode_altera_merlin_master_translator_181_mhudjri"
Info: address_decode: "Generating: address_decode_altera_merlin_slave_translator_181_5aswt6a"
Info: address_decode: "Generating: address_decode_altera_merlin_master_agent_181_t5eyqrq"
Info: address_decode: "Generating: address_decode_altera_merlin_slave_agent_181_a7g37xa"
Info: address_decode: "Generating: address_decode_altera_avalon_sc_fifo_181_hseo73i"
Info: address_decode: "Generating: address_decode_altera_merlin_router_181_dqij2zy"
Info: address_decode: "Generating: address_decode_altera_merlin_router_181_fet5uza"
Info: address_decode: "Generating: address_decode_altera_merlin_traffic_limiter_181_reppfiq"
Info: my_altera_avalon_sc_fifo_dest_id_fifo: "Generating: my_altera_avalon_sc_fifo_dest_id_fifo"
Info: my_alt_hiconnect_sc_fifo_dest_id_fifo: "Generating: my_alt_hiconnect_sc_fifo_dest_id_fifo"
Info: address_decode: "Generating: address_decode_altera_merlin_burst_adapter_181_hpj5oyy"
Info: address_decode: "Generating: address_decode_altera_merlin_demultiplexer_181_233qqei"
Info: address_decode: "Generating: address_decode_altera_merlin_multiplexer_181_or5baiy"
Info: address_decode: "Generating: address_decode_altera_merlin_demultiplexer_181_qc6ddcy"
Info: address_decode: "Generating: address_decode_altera_merlin_multiplexer_181_tzqtjwa"
Info: address_decode: "Generating: address_decode_altera_avalon_st_handshake_clock_crosser_181_oeeupgi"
Info: address_decode: "Generating: address_decode_altera_merlin_traffic_limiter_181_ohcvrpq"
Info: address_decode: "Generating: address_decode_altera_merlin_traffic_limiter_181_avmww2q"
Info: address_decode: "Generating: address_decode_alt_hiconnect_sc_fifo_181_cjmuh4a"
Info: address_decode: Done "address_decode" with 31 modules, 46 files
Info: Generating the following file(s) for MODELSIM simulator in /tmp/arc/845491436/alt7821_7604303068892519685.dir/0002_alt_em10g32_0_gen/rtl/address_decoder/address_decode/sim/ directory:
Info: 	common/modelsim_files.tcl
Info: Generating the following file(s) for VCSMX simulator in /tmp/arc/845491436/alt7821_7604303068892519685.dir/0002_alt_em10g32_0_gen/rtl/address_decoder/address_decode/sim/ directory:
Info: 	common/vcsmx_files.tcl
Info: Generating the following file(s) for VCS simulator in /tmp/arc/845491436/alt7821_7604303068892519685.dir/0002_alt_em10g32_0_gen/rtl/address_decoder/address_decode/sim/ directory:
Info: 	common/vcs_files.tcl
Info: Generating the following file(s) for RIVIERA simulator in /tmp/arc/845491436/alt7821_7604303068892519685.dir/0002_alt_em10g32_0_gen/rtl/address_decoder/address_decode/sim/ directory:
Info: 	common/riviera_files.tcl
Info: Generating the following file(s) for NCSIM simulator in /tmp/arc/845491436/alt7821_7604303068892519685.dir/0002_alt_em10g32_0_gen/rtl/address_decoder/address_decode/sim/ directory:
Info: 	common/ncsim_files.tcl
Info: Generating the following file(s) for XCELIUM simulator in /tmp/arc/845491436/alt7821_7604303068892519685.dir/0002_alt_em10g32_0_gen/rtl/address_decoder/address_decode/sim/ directory:
Info: 	common/xcelium_files.tcl
Info: For information on how to simulate your IP, see the explanatory comments in the simulator-specific subdirectories under /tmp/arc/845491436/alt7821_7604303068892519685.dir/0002_alt_em10g32_0_gen/rtl/address_decoder/address_decode/sim/.
Info: Regenerate these scripts whenever you make any change to any Quartus-generated IP in your project.
Info: qsys-generate succeeded.
Info: Finished: Create simulation model
Info: Starting: Create Modelsim Project.
Info: sim-script-gen --system-file=/tmp/arc/845491436/alt7821_7604303068892519685.dir/0002_alt_em10g32_0_gen/rtl/address_decoder/address_decode.qsys --output-directory=/tmp/arc/845491436/alt7821_7604303068892519685.dir/0002_alt_em10g32_0_gen/rtl/address_decoder/address_decode/sim/ --use-relative-paths=true
Info: Generating the following file(s) for MODELSIM simulator in /tmp/arc/845491436/alt7821_7604303068892519685.dir/0002_alt_em10g32_0_gen/rtl/address_decoder/address_decode/sim/ directory:
Info: 	mentor/msim_setup.tcl
Info: Generating the following file(s) for VCSMX simulator in /tmp/arc/845491436/alt7821_7604303068892519685.dir/0002_alt_em10g32_0_gen/rtl/address_decoder/address_decode/sim/ directory:
Info: 	synopsys/vcsmx/synopsys_sim.setup
Info: 	synopsys/vcsmx/vcsmx_setup.sh
Info: Generating the following file(s) for VCS simulator in /tmp/arc/845491436/alt7821_7604303068892519685.dir/0002_alt_em10g32_0_gen/rtl/address_decoder/address_decode/sim/ directory:
Info: 	synopsys/vcs/vcs_setup.sh
Info: Generating the following file(s) for RIVIERA simulator in /tmp/arc/845491436/alt7821_7604303068892519685.dir/0002_alt_em10g32_0_gen/rtl/address_decoder/address_decode/sim/ directory:
Info: 	aldec/rivierapro_setup.tcl
Info: Generating the following file(s) for NCSIM simulator in /tmp/arc/845491436/alt7821_7604303068892519685.dir/0002_alt_em10g32_0_gen/rtl/address_decoder/address_decode/sim/ directory:
Info: 	cadence/cds.lib
Info: 	cadence/hdl.var
Info: 	cadence/ncsim_setup.sh
Info: 	1 .cds.lib files in cadence/cds_libs/ directory
Info: Generating the following file(s) for XCELIUM simulator in /tmp/arc/845491436/alt7821_7604303068892519685.dir/0002_alt_em10g32_0_gen/rtl/address_decoder/address_decode/sim/ directory:
Info: 	xcelium/cds.lib
Info: 	xcelium/hdl.var
Info: 	xcelium/xcelium_setup.sh
Info: 	1 .cds.lib files in xcelium/cds_libs/ directory
Info: For information on how to simulate your IP, see the explanatory comments in the simulator-specific subdirectories under /tmp/arc/845491436/alt7821_7604303068892519685.dir/0002_alt_em10g32_0_gen/rtl/address_decoder/address_decode/sim/.
Info: Regenerate these scripts whenever you make any change to any Quartus-generated IP in your project.
Info: Finished: Create Modelsim Project.
Info: 
Info: Starting: Create HDL design files for synthesis
Info: qsys-generate /tmp/arc/845491436/alt7821_7604303068892519685.dir/0002_alt_em10g32_0_gen/rtl/address_decoder/address_decode.qsys --synthesis=VERILOG --output-directory=/tmp/arc/845491436/alt7821_7604303068892519685.dir/0002_alt_em10g32_0_gen/rtl/address_decoder/address_decode --family="Stratix 10" --part=1SG280HU2F50E2VG
Progress: Loading address_decoder/address_decode.qsys
Progress: Reading input file
Progress: Adding clk_csr [altera_generic_component 1.0]
Progress: Parameterizing module clk_csr
Progress: Adding eth_gen_mon_0 [altera_generic_component 1.0]
Progress: Parameterizing module eth_gen_mon_0
Progress: Adding eth_gen_mon_1 [altera_generic_component 1.0]
Progress: Parameterizing module eth_gen_mon_1
Progress: Adding eth_gen_mon_10 [altera_generic_component 1.0]
Progress: Parameterizing module eth_gen_mon_10
Progress: Adding eth_gen_mon_11 [altera_generic_component 1.0]
Progress: Parameterizing module eth_gen_mon_11
Progress: Adding eth_gen_mon_2 [altera_generic_component 1.0]
Progress: Parameterizing module eth_gen_mon_2
Progress: Adding eth_gen_mon_3 [altera_generic_component 1.0]
Progress: Parameterizing module eth_gen_mon_3
Progress: Adding eth_gen_mon_4 [altera_generic_component 1.0]
Progress: Parameterizing module eth_gen_mon_4
Progress: Adding eth_gen_mon_5 [altera_generic_component 1.0]
Progress: Parameterizing module eth_gen_mon_5
Progress: Adding eth_gen_mon_6 [altera_generic_component 1.0]
Progress: Parameterizing module eth_gen_mon_6
Progress: Adding eth_gen_mon_7 [altera_generic_component 1.0]
Progress: Parameterizing module eth_gen_mon_7
Progress: Adding eth_gen_mon_8 [altera_generic_component 1.0]
Progress: Parameterizing module eth_gen_mon_8
Progress: Adding eth_gen_mon_9 [altera_generic_component 1.0]
Progress: Parameterizing module eth_gen_mon_9
Progress: Adding master_0 [altera_generic_component 1.0]
Progress: Parameterizing module master_0
Progress: Adding merlin_master_translator_0 [altera_generic_component 1.0]
Progress: Parameterizing module merlin_master_translator_0
Progress: Adding mm_to_mac_0 [altera_generic_component 1.0]
Progress: Parameterizing module mm_to_mac_0
Progress: Adding mm_to_mac_1 [altera_generic_component 1.0]
Progress: Parameterizing module mm_to_mac_1
Progress: Adding mm_to_mac_10 [altera_generic_component 1.0]
Progress: Parameterizing module mm_to_mac_10
Progress: Adding mm_to_mac_11 [altera_generic_component 1.0]
Progress: Parameterizing module mm_to_mac_11
Progress: Adding mm_to_mac_2 [altera_generic_component 1.0]
Progress: Parameterizing module mm_to_mac_2
Progress: Adding mm_to_mac_3 [altera_generic_component 1.0]
Progress: Parameterizing module mm_to_mac_3
Progress: Adding mm_to_mac_4 [altera_generic_component 1.0]
Progress: Parameterizing module mm_to_mac_4
Progress: Adding mm_to_mac_5 [altera_generic_component 1.0]
Progress: Parameterizing module mm_to_mac_5
Progress: Adding mm_to_mac_6 [altera_generic_component 1.0]
Progress: Parameterizing module mm_to_mac_6
Progress: Adding mm_to_mac_7 [altera_generic_component 1.0]
Progress: Parameterizing module mm_to_mac_7
Progress: Adding mm_to_mac_8 [altera_generic_component 1.0]
Progress: Parameterizing module mm_to_mac_8
Progress: Adding mm_to_mac_9 [altera_generic_component 1.0]
Progress: Parameterizing module mm_to_mac_9
Progress: Adding mm_to_phy_0 [altera_generic_component 1.0]
Progress: Parameterizing module mm_to_phy_0
Progress: Adding mm_to_phy_1 [altera_generic_component 1.0]
Progress: Parameterizing module mm_to_phy_1
Progress: Adding mm_to_phy_10 [altera_generic_component 1.0]
Progress: Parameterizing module mm_to_phy_10
Progress: Adding mm_to_phy_11 [altera_generic_component 1.0]
Progress: Parameterizing module mm_to_phy_11
Progress: Adding mm_to_phy_2 [altera_generic_component 1.0]
Progress: Parameterizing module mm_to_phy_2
Progress: Adding mm_to_phy_3 [altera_generic_component 1.0]
Progress: Parameterizing module mm_to_phy_3
Progress: Adding mm_to_phy_4 [altera_generic_component 1.0]
Progress: Parameterizing module mm_to_phy_4
Progress: Adding mm_to_phy_5 [altera_generic_component 1.0]
Progress: Parameterizing module mm_to_phy_5
Progress: Adding mm_to_phy_6 [altera_generic_component 1.0]
Progress: Parameterizing module mm_to_phy_6
Progress: Adding mm_to_phy_7 [altera_generic_component 1.0]
Progress: Parameterizing module mm_to_phy_7
Progress: Adding mm_to_phy_8 [altera_generic_component 1.0]
Progress: Parameterizing module mm_to_phy_8
Progress: Adding mm_to_phy_9 [altera_generic_component 1.0]
Progress: Parameterizing module mm_to_phy_9
Progress: Adding rx_sc_fifo_0 [altera_generic_component 1.0]
Progress: Parameterizing module rx_sc_fifo_0
Progress: Adding rx_sc_fifo_1 [altera_generic_component 1.0]
Progress: Parameterizing module rx_sc_fifo_1
Progress: Adding rx_sc_fifo_10 [altera_generic_component 1.0]
Progress: Parameterizing module rx_sc_fifo_10
Progress: Adding rx_sc_fifo_11 [altera_generic_component 1.0]
Progress: Parameterizing module rx_sc_fifo_11
Progress: Adding rx_sc_fifo_2 [altera_generic_component 1.0]
Progress: Parameterizing module rx_sc_fifo_2
Progress: Adding rx_sc_fifo_3 [altera_generic_component 1.0]
Progress: Parameterizing module rx_sc_fifo_3
Progress: Adding rx_sc_fifo_4 [altera_generic_component 1.0]
Progress: Parameterizing module rx_sc_fifo_4
Progress: Adding rx_sc_fifo_5 [altera_generic_component 1.0]
Progress: Parameterizing module rx_sc_fifo_5
Progress: Adding rx_sc_fifo_6 [altera_generic_component 1.0]
Progress: Parameterizing module rx_sc_fifo_6
Progress: Adding rx_sc_fifo_7 [altera_generic_component 1.0]
Progress: Parameterizing module rx_sc_fifo_7
Progress: Adding rx_sc_fifo_8 [altera_generic_component 1.0]
Progress: Parameterizing module rx_sc_fifo_8
Progress: Adding rx_sc_fifo_9 [altera_generic_component 1.0]
Progress: Parameterizing module rx_sc_fifo_9
Progress: Adding rx_xcvr_clk [altera_generic_component 1.0]
Progress: Parameterizing module rx_xcvr_clk
Progress: Adding tx_sc_fifo_0 [altera_generic_component 1.0]
Progress: Parameterizing module tx_sc_fifo_0
Progress: Adding tx_sc_fifo_1 [altera_generic_component 1.0]
Progress: Parameterizing module tx_sc_fifo_1
Progress: Adding tx_sc_fifo_10 [altera_generic_component 1.0]
Progress: Parameterizing module tx_sc_fifo_10
Progress: Adding tx_sc_fifo_11 [altera_generic_component 1.0]
Progress: Parameterizing module tx_sc_fifo_11
Progress: Adding tx_sc_fifo_2 [altera_generic_component 1.0]
Progress: Parameterizing module tx_sc_fifo_2
Progress: Adding tx_sc_fifo_3 [altera_generic_component 1.0]
Progress: Parameterizing module tx_sc_fifo_3
Progress: Adding tx_sc_fifo_4 [altera_generic_component 1.0]
Progress: Parameterizing module tx_sc_fifo_4
Progress: Adding tx_sc_fifo_5 [altera_generic_component 1.0]
Progress: Parameterizing module tx_sc_fifo_5
Progress: Adding tx_sc_fifo_6 [altera_generic_component 1.0]
Progress: Parameterizing module tx_sc_fifo_6
Progress: Adding tx_sc_fifo_7 [altera_generic_component 1.0]
Progress: Parameterizing module tx_sc_fifo_7
Progress: Adding tx_sc_fifo_8 [altera_generic_component 1.0]
Progress: Parameterizing module tx_sc_fifo_8
Progress: Adding tx_sc_fifo_9 [altera_generic_component 1.0]
Progress: Parameterizing module tx_sc_fifo_9
Progress: Adding tx_xcvr_clk [altera_generic_component 1.0]
Progress: Parameterizing module tx_xcvr_clk
Progress: Adding tx_xcvr_half_clk [altera_generic_component 1.0]
Progress: Parameterizing module tx_xcvr_half_clk
Progress: Building connections
Progress: Parameterizing connections
Progress: Validating
Progress: Done reading input file
Component Instantiation Warning: address_decode.clk_csr: Project Setting information doesn't match IP Variant file. Double-click to open System Info tab.
Component Instantiation Warning: address_decode.eth_gen_mon_0: Project Setting information doesn't match IP Variant file. Double-click to open System Info tab.
Component Instantiation Warning: address_decode.eth_gen_mon_1: Project Setting information doesn't match IP Variant file. Double-click to open System Info tab.
Component Instantiation Warning: address_decode.eth_gen_mon_10: Project Setting information doesn't match IP Variant file. Double-click to open System Info tab.
Component Instantiation Warning: address_decode.eth_gen_mon_11: Project Setting information doesn't match IP Variant file. Double-click to open System Info tab.
Component Instantiation Warning: address_decode.eth_gen_mon_2: Project Setting information doesn't match IP Variant file. Double-click to open System Info tab.
Component Instantiation Warning: address_decode.eth_gen_mon_3: Project Setting information doesn't match IP Variant file. Double-click to open System Info tab.
Component Instantiation Warning: address_decode.eth_gen_mon_4: Project Setting information doesn't match IP Variant file. Double-click to open System Info tab.
Component Instantiation Warning: address_decode.eth_gen_mon_5: Project Setting information doesn't match IP Variant file. Double-click to open System Info tab.
Component Instantiation Warning: address_decode.eth_gen_mon_6: Project Setting information doesn't match IP Variant file. Double-click to open System Info tab.
Component Instantiation Warning: address_decode.eth_gen_mon_7: Project Setting information doesn't match IP Variant file. Double-click to open System Info tab.
Component Instantiation Warning: address_decode.eth_gen_mon_8: Project Setting information doesn't match IP Variant file. Double-click to open System Info tab.
Component Instantiation Warning: address_decode.eth_gen_mon_9: Project Setting information doesn't match IP Variant file. Double-click to open System Info tab.
Component Instantiation Warning: address_decode.master_0: Project Setting information doesn't match IP Variant file. Double-click to open System Info tab.
Component Instantiation Warning: address_decode.merlin_master_translator_0: Project Setting information doesn't match IP Variant file. Double-click to open System Info tab.
Component Instantiation Warning: address_decode.mm_to_mac_0: Project Setting information doesn't match IP Variant file. Double-click to open System Info tab.
Component Instantiation Warning: address_decode.mm_to_mac_1: Project Setting information doesn't match IP Variant file. Double-click to open System Info tab.
Component Instantiation Warning: address_decode.mm_to_mac_10: Project Setting information doesn't match IP Variant file. Double-click to open System Info tab.
Component Instantiation Warning: address_decode.mm_to_mac_11: Project Setting information doesn't match IP Variant file. Double-click to open System Info tab.
Component Instantiation Warning: address_decode.mm_to_mac_2: Project Setting information doesn't match IP Variant file. Double-click to open System Info tab.
Component Instantiation Warning: address_decode.mm_to_mac_3: Project Setting information doesn't match IP Variant file. Double-click to open System Info tab.
Component Instantiation Warning: address_decode.mm_to_mac_4: Project Setting information doesn't match IP Variant file. Double-click to open System Info tab.
Component Instantiation Warning: address_decode.mm_to_mac_5: Project Setting information doesn't match IP Variant file. Double-click to open System Info tab.
Component Instantiation Warning: address_decode.mm_to_mac_6: Project Setting information doesn't match IP Variant file. Double-click to open System Info tab.
Component Instantiation Warning: address_decode.mm_to_mac_7: Project Setting information doesn't match IP Variant file. Double-click to open System Info tab.
Component Instantiation Warning: address_decode.mm_to_mac_8: Project Setting information doesn't match IP Variant file. Double-click to open System Info tab.
Component Instantiation Warning: address_decode.mm_to_mac_9: Project Setting information doesn't match IP Variant file. Double-click to open System Info tab.
Component Instantiation Warning: address_decode.mm_to_phy_0: Project Setting information doesn't match IP Variant file. Double-click to open System Info tab.
Component Instantiation Warning: address_decode.mm_to_phy_1: Project Setting information doesn't match IP Variant file. Double-click to open System Info tab.
Component Instantiation Warning: address_decode.mm_to_phy_10: Project Setting information doesn't match IP Variant file. Double-click to open System Info tab.
Component Instantiation Warning: address_decode.mm_to_phy_11: Project Setting information doesn't match IP Variant file. Double-click to open System Info tab.
Component Instantiation Warning: address_decode.mm_to_phy_2: Project Setting information doesn't match IP Variant file. Double-click to open System Info tab.
Component Instantiation Warning: address_decode.mm_to_phy_3: Project Setting information doesn't match IP Variant file. Double-click to open System Info tab.
Component Instantiation Warning: address_decode.mm_to_phy_4: Project Setting information doesn't match IP Variant file. Double-click to open System Info tab.
Component Instantiation Warning: address_decode.mm_to_phy_5: Project Setting information doesn't match IP Variant file. Double-click to open System Info tab.
Component Instantiation Warning: address_decode.mm_to_phy_6: Project Setting information doesn't match IP Variant file. Double-click to open System Info tab.
Component Instantiation Warning: address_decode.mm_to_phy_7: Project Setting information doesn't match IP Variant file. Double-click to open System Info tab.
Component Instantiation Warning: address_decode.mm_to_phy_8: Project Setting information doesn't match IP Variant file. Double-click to open System Info tab.
Component Instantiation Warning: address_decode.mm_to_phy_9: Project Setting information doesn't match IP Variant file. Double-click to open System Info tab.
Component Instantiation Warning: address_decode.rx_sc_fifo_0: Project Setting information doesn't match IP Variant file. Double-click to open System Info tab.
Component Instantiation Warning: address_decode.rx_sc_fifo_1: Project Setting information doesn't match IP Variant file. Double-click to open System Info tab.
Component Instantiation Warning: address_decode.rx_sc_fifo_10: Project Setting information doesn't match IP Variant file. Double-click to open System Info tab.
Component Instantiation Warning: address_decode.rx_sc_fifo_11: Project Setting information doesn't match IP Variant file. Double-click to open System Info tab.
Component Instantiation Warning: address_decode.rx_sc_fifo_2: Project Setting information doesn't match IP Variant file. Double-click to open System Info tab.
Component Instantiation Warning: address_decode.rx_sc_fifo_3: Project Setting information doesn't match IP Variant file. Double-click to open System Info tab.
Component Instantiation Warning: address_decode.rx_sc_fifo_4: Project Setting information doesn't match IP Variant file. Double-click to open System Info tab.
Component Instantiation Warning: address_decode.rx_sc_fifo_5: Project Setting information doesn't match IP Variant file. Double-click to open System Info tab.
Component Instantiation Warning: address_decode.rx_sc_fifo_6: Project Setting information doesn't match IP Variant file. Double-click to open System Info tab.
Component Instantiation Warning: address_decode.rx_sc_fifo_7: Project Setting information doesn't match IP Variant file. Double-click to open System Info tab.
Component Instantiation Warning: address_decode.rx_sc_fifo_8: Project Setting information doesn't match IP Variant file. Double-click to open System Info tab.
Component Instantiation Warning: address_decode.rx_sc_fifo_9: Project Setting information doesn't match IP Variant file. Double-click to open System Info tab.
Component Instantiation Warning: address_decode.rx_xcvr_clk: Project Setting information doesn't match IP Variant file. Double-click to open System Info tab.
Component Instantiation Warning: address_decode.tx_sc_fifo_0: Project Setting information doesn't match IP Variant file. Double-click to open System Info tab.
Component Instantiation Warning: address_decode.tx_sc_fifo_1: Project Setting information doesn't match IP Variant file. Double-click to open System Info tab.
Component Instantiation Warning: address_decode.tx_sc_fifo_10: Project Setting information doesn't match IP Variant file. Double-click to open System Info tab.
Component Instantiation Warning: address_decode.tx_sc_fifo_11: Project Setting information doesn't match IP Variant file. Double-click to open System Info tab.
Component Instantiation Warning: address_decode.tx_sc_fifo_2: Project Setting information doesn't match IP Variant file. Double-click to open System Info tab.
Component Instantiation Warning: address_decode.tx_sc_fifo_3: Project Setting information doesn't match IP Variant file. Double-click to open System Info tab.
Component Instantiation Warning: address_decode.tx_sc_fifo_4: Project Setting information doesn't match IP Variant file. Double-click to open System Info tab.
Component Instantiation Warning: address_decode.tx_sc_fifo_5: Project Setting information doesn't match IP Variant file. Double-click to open System Info tab.
Component Instantiation Warning: address_decode.tx_sc_fifo_6: Project Setting information doesn't match IP Variant file. Double-click to open System Info tab.
Component Instantiation Warning: address_decode.tx_sc_fifo_7: Project Setting information doesn't match IP Variant file. Double-click to open System Info tab.
Component Instantiation Warning: address_decode.tx_sc_fifo_8: Project Setting information doesn't match IP Variant file. Double-click to open System Info tab.
Component Instantiation Warning: address_decode.tx_sc_fifo_9: Project Setting information doesn't match IP Variant file. Double-click to open System Info tab.
Component Instantiation Warning: address_decode.tx_xcvr_clk: Project Setting information doesn't match IP Variant file. Double-click to open System Info tab.
Component Instantiation Warning: address_decode.tx_xcvr_half_clk: Project Setting information doesn't match IP Variant file. Double-click to open System Info tab.
Info: address_decode: "Transforming system: address_decode"
Info: Inserting clock-crossing logic between cmd_demux.src2 and cmd_mux_002.sink0
Info: Inserting clock-crossing logic between cmd_demux.src3 and cmd_mux_003.sink0
Info: Inserting clock-crossing logic between cmd_demux.src4 and cmd_mux_004.sink0
Info: Inserting clock-crossing logic between cmd_demux.src7 and cmd_mux_007.sink0
Info: Inserting clock-crossing logic between cmd_demux.src8 and cmd_mux_008.sink0
Info: Inserting clock-crossing logic between cmd_demux.src9 and cmd_mux_009.sink0
Info: Inserting clock-crossing logic between cmd_demux.src12 and cmd_mux_012.sink0
Info: Inserting clock-crossing logic between cmd_demux.src13 and cmd_mux_013.sink0
Info: Inserting clock-crossing logic between cmd_demux.src14 and cmd_mux_014.sink0
Info: Inserting clock-crossing logic between cmd_demux.src17 and cmd_mux_017.sink0
Info: Inserting clock-crossing logic between cmd_demux.src18 and cmd_mux_018.sink0
Info: Inserting clock-crossing logic between cmd_demux.src19 and cmd_mux_019.sink0
Info: Inserting clock-crossing logic between cmd_demux.src22 and cmd_mux_022.sink0
Info: Inserting clock-crossing logic between cmd_demux.src23 and cmd_mux_023.sink0
Info: Inserting clock-crossing logic between cmd_demux.src24 and cmd_mux_024.sink0
Info: Inserting clock-crossing logic between cmd_demux.src27 and cmd_mux_027.sink0
Info: Inserting clock-crossing logic between cmd_demux.src28 and cmd_mux_028.sink0
Info: Inserting clock-crossing logic between cmd_demux.src29 and cmd_mux_029.sink0
Info: Inserting clock-crossing logic between cmd_demux.src32 and cmd_mux_032.sink0
Info: Inserting clock-crossing logic between cmd_demux.src33 and cmd_mux_033.sink0
Info: Inserting clock-crossing logic between cmd_demux.src34 and cmd_mux_034.sink0
Info: Inserting clock-crossing logic between cmd_demux.src37 and cmd_mux_037.sink0
Info: Inserting clock-crossing logic between cmd_demux.src38 and cmd_mux_038.sink0
Info: Inserting clock-crossing logic between cmd_demux.src39 and cmd_mux_039.sink0
Info: Inserting clock-crossing logic between cmd_demux.src42 and cmd_mux_042.sink0
Info: Inserting clock-crossing logic between cmd_demux.src43 and cmd_mux_043.sink0
Info: Inserting clock-crossing logic between cmd_demux.src44 and cmd_mux_044.sink0
Info: Inserting clock-crossing logic between cmd_demux.src47 and cmd_mux_047.sink0
Info: Inserting clock-crossing logic between cmd_demux.src48 and cmd_mux_048.sink0
Info: Inserting clock-crossing logic between cmd_demux.src49 and cmd_mux_049.sink0
Info: Inserting clock-crossing logic between cmd_demux.src52 and cmd_mux_052.sink0
Info: Inserting clock-crossing logic between cmd_demux.src53 and cmd_mux_053.sink0
Info: Inserting clock-crossing logic between cmd_demux.src54 and cmd_mux_054.sink0
Info: Inserting clock-crossing logic between cmd_demux.src57 and cmd_mux_057.sink0
Info: Inserting clock-crossing logic between cmd_demux.src58 and cmd_mux_058.sink0
Info: Inserting clock-crossing logic between cmd_demux.src59 and cmd_mux_059.sink0
Info: Inserting clock-crossing logic between cmd_demux_001.src2 and cmd_mux_002.sink1
Info: Inserting clock-crossing logic between cmd_demux_001.src3 and cmd_mux_003.sink1
Info: Inserting clock-crossing logic between cmd_demux_001.src4 and cmd_mux_004.sink1
Info: Inserting clock-crossing logic between cmd_demux_001.src7 and cmd_mux_007.sink1
Info: Inserting clock-crossing logic between cmd_demux_001.src8 and cmd_mux_008.sink1
Info: Inserting clock-crossing logic between cmd_demux_001.src9 and cmd_mux_009.sink1
Info: Inserting clock-crossing logic between cmd_demux_001.src12 and cmd_mux_012.sink1
Info: Inserting clock-crossing logic between cmd_demux_001.src13 and cmd_mux_013.sink1
Info: Inserting clock-crossing logic between cmd_demux_001.src14 and cmd_mux_014.sink1
Info: Inserting clock-crossing logic between cmd_demux_001.src17 and cmd_mux_017.sink1
Info: Inserting clock-crossing logic between cmd_demux_001.src18 and cmd_mux_018.sink1
Info: Inserting clock-crossing logic between cmd_demux_001.src19 and cmd_mux_019.sink1
Info: Inserting clock-crossing logic between cmd_demux_001.src22 and cmd_mux_022.sink1
Info: Inserting clock-crossing logic between cmd_demux_001.src23 and cmd_mux_023.sink1
Info: Inserting clock-crossing logic between cmd_demux_001.src24 and cmd_mux_024.sink1
Info: Inserting clock-crossing logic between cmd_demux_001.src27 and cmd_mux_027.sink1
Info: Inserting clock-crossing logic between cmd_demux_001.src28 and cmd_mux_028.sink1
Info: Inserting clock-crossing logic between cmd_demux_001.src29 and cmd_mux_029.sink1
Info: Inserting clock-crossing logic between cmd_demux_001.src32 and cmd_mux_032.sink1
Info: Inserting clock-crossing logic between cmd_demux_001.src33 and cmd_mux_033.sink1
Info: Inserting clock-crossing logic between cmd_demux_001.src34 and cmd_mux_034.sink1
Info: Inserting clock-crossing logic between cmd_demux_001.src37 and cmd_mux_037.sink1
Info: Inserting clock-crossing logic between cmd_demux_001.src38 and cmd_mux_038.sink1
Info: Inserting clock-crossing logic between cmd_demux_001.src39 and cmd_mux_039.sink1
Info: Inserting clock-crossing logic between cmd_demux_001.src42 and cmd_mux_042.sink1
Info: Inserting clock-crossing logic between cmd_demux_001.src43 and cmd_mux_043.sink1
Info: Inserting clock-crossing logic between cmd_demux_001.src44 and cmd_mux_044.sink1
Info: Inserting clock-crossing logic between cmd_demux_001.src47 and cmd_mux_047.sink1
Info: Inserting clock-crossing logic between cmd_demux_001.src48 and cmd_mux_048.sink1
Info: Inserting clock-crossing logic between cmd_demux_001.src49 and cmd_mux_049.sink1
Info: Inserting clock-crossing logic between cmd_demux_001.src52 and cmd_mux_052.sink1
Info: Inserting clock-crossing logic between cmd_demux_001.src53 and cmd_mux_053.sink1
Info: Inserting clock-crossing logic between cmd_demux_001.src54 and cmd_mux_054.sink1
Info: Inserting clock-crossing logic between cmd_demux_001.src57 and cmd_mux_057.sink1
Info: Inserting clock-crossing logic between cmd_demux_001.src58 and cmd_mux_058.sink1
Info: Inserting clock-crossing logic between cmd_demux_001.src59 and cmd_mux_059.sink1
Info: Inserting clock-crossing logic between rsp_demux_002.src0 and rsp_mux.sink2
Info: Inserting clock-crossing logic between rsp_demux_002.src1 and rsp_mux_001.sink2
Info: Inserting clock-crossing logic between rsp_demux_003.src0 and rsp_mux.sink3
Info: Inserting clock-crossing logic between rsp_demux_003.src1 and rsp_mux_001.sink3
Info: Inserting clock-crossing logic between rsp_demux_004.src0 and rsp_mux.sink4
Info: Inserting clock-crossing logic between rsp_demux_004.src1 and rsp_mux_001.sink4
Info: Inserting clock-crossing logic between rsp_demux_007.src0 and rsp_mux.sink7
Info: Inserting clock-crossing logic between rsp_demux_007.src1 and rsp_mux_001.sink7
Info: Inserting clock-crossing logic between rsp_demux_008.src0 and rsp_mux.sink8
Info: Inserting clock-crossing logic between rsp_demux_008.src1 and rsp_mux_001.sink8
Info: Inserting clock-crossing logic between rsp_demux_009.src0 and rsp_mux.sink9
Info: Inserting clock-crossing logic between rsp_demux_009.src1 and rsp_mux_001.sink9
Info: Inserting clock-crossing logic between rsp_demux_012.src0 and rsp_mux.sink12
Info: Inserting clock-crossing logic between rsp_demux_012.src1 and rsp_mux_001.sink12
Info: Inserting clock-crossing logic between rsp_demux_013.src0 and rsp_mux.sink13
Info: Inserting clock-crossing logic between rsp_demux_013.src1 and rsp_mux_001.sink13
Info: Inserting clock-crossing logic between rsp_demux_014.src0 and rsp_mux.sink14
Info: Inserting clock-crossing logic between rsp_demux_014.src1 and rsp_mux_001.sink14
Info: Inserting clock-crossing logic between rsp_demux_017.src0 and rsp_mux.sink17
Info: Inserting clock-crossing logic between rsp_demux_017.src1 and rsp_mux_001.sink17
Info: Inserting clock-crossing logic between rsp_demux_018.src0 and rsp_mux.sink18
Info: Inserting clock-crossing logic between rsp_demux_018.src1 and rsp_mux_001.sink18
Info: Inserting clock-crossing logic between rsp_demux_019.src0 and rsp_mux.sink19
Info: Inserting clock-crossing logic between rsp_demux_019.src1 and rsp_mux_001.sink19
Info: Inserting clock-crossing logic between rsp_demux_022.src0 and rsp_mux.sink22
Info: Inserting clock-crossing logic between rsp_demux_022.src1 and rsp_mux_001.sink22
Info: Inserting clock-crossing logic between rsp_demux_023.src0 and rsp_mux.sink23
Info: Inserting clock-crossing logic between rsp_demux_023.src1 and rsp_mux_001.sink23
Info: Inserting clock-crossing logic between rsp_demux_024.src0 and rsp_mux.sink24
Info: Inserting clock-crossing logic between rsp_demux_024.src1 and rsp_mux_001.sink24
Info: Inserting clock-crossing logic between rsp_demux_027.src0 and rsp_mux.sink27
Info: Inserting clock-crossing logic between rsp_demux_027.src1 and rsp_mux_001.sink27
Info: Inserting clock-crossing logic between rsp_demux_028.src0 and rsp_mux.sink28
Info: Inserting clock-crossing logic between rsp_demux_028.src1 and rsp_mux_001.sink28
Info: Inserting clock-crossing logic between rsp_demux_029.src0 and rsp_mux.sink29
Info: Inserting clock-crossing logic between rsp_demux_029.src1 and rsp_mux_001.sink29
Info: Inserting clock-crossing logic between rsp_demux_032.src0 and rsp_mux.sink32
Info: Inserting clock-crossing logic between rsp_demux_032.src1 and rsp_mux_001.sink32
Info: Inserting clock-crossing logic between rsp_demux_033.src0 and rsp_mux.sink33
Info: Inserting clock-crossing logic between rsp_demux_033.src1 and rsp_mux_001.sink33
Info: Inserting clock-crossing logic between rsp_demux_034.src0 and rsp_mux.sink34
Info: Inserting clock-crossing logic between rsp_demux_034.src1 and rsp_mux_001.sink34
Info: Inserting clock-crossing logic between rsp_demux_037.src0 and rsp_mux.sink37
Info: Inserting clock-crossing logic between rsp_demux_037.src1 and rsp_mux_001.sink37
Info: Inserting clock-crossing logic between rsp_demux_038.src0 and rsp_mux.sink38
Info: Inserting clock-crossing logic between rsp_demux_038.src1 and rsp_mux_001.sink38
Info: Inserting clock-crossing logic between rsp_demux_039.src0 and rsp_mux.sink39
Info: Inserting clock-crossing logic between rsp_demux_039.src1 and rsp_mux_001.sink39
Info: Inserting clock-crossing logic between rsp_demux_042.src0 and rsp_mux.sink42
Info: Inserting clock-crossing logic between rsp_demux_042.src1 and rsp_mux_001.sink42
Info: Inserting clock-crossing logic between rsp_demux_043.src0 and rsp_mux.sink43
Info: Inserting clock-crossing logic between rsp_demux_043.src1 and rsp_mux_001.sink43
Info: Inserting clock-crossing logic between rsp_demux_044.src0 and rsp_mux.sink44
Info: Inserting clock-crossing logic between rsp_demux_044.src1 and rsp_mux_001.sink44
Info: Inserting clock-crossing logic between rsp_demux_047.src0 and rsp_mux.sink47
Info: Inserting clock-crossing logic between rsp_demux_047.src1 and rsp_mux_001.sink47
Info: Inserting clock-crossing logic between rsp_demux_048.src0 and rsp_mux.sink48
Info: Inserting clock-crossing logic between rsp_demux_048.src1 and rsp_mux_001.sink48
Info: Inserting clock-crossing logic between rsp_demux_049.src0 and rsp_mux.sink49
Info: Inserting clock-crossing logic between rsp_demux_049.src1 and rsp_mux_001.sink49
Info: Inserting clock-crossing logic between rsp_demux_052.src0 and rsp_mux.sink52
Info: Inserting clock-crossing logic between rsp_demux_052.src1 and rsp_mux_001.sink52
Info: Inserting clock-crossing logic between rsp_demux_053.src0 and rsp_mux.sink53
Info: Inserting clock-crossing logic between rsp_demux_053.src1 and rsp_mux_001.sink53
Info: Inserting clock-crossing logic between rsp_demux_054.src0 and rsp_mux.sink54
Info: Inserting clock-crossing logic between rsp_demux_054.src1 and rsp_mux_001.sink54
Info: Inserting clock-crossing logic between rsp_demux_057.src0 and rsp_mux.sink57
Info: Inserting clock-crossing logic between rsp_demux_057.src1 and rsp_mux_001.sink57
Info: Inserting clock-crossing logic between rsp_demux_058.src0 and rsp_mux.sink58
Info: Inserting clock-crossing logic between rsp_demux_058.src1 and rsp_mux_001.sink58
Info: Inserting clock-crossing logic between rsp_demux_059.src0 and rsp_mux.sink59
Info: Inserting clock-crossing logic between rsp_demux_059.src1 and rsp_mux_001.sink59
Info: address_decode: "Naming system components in system: address_decode"
Info: address_decode: "Processing generation queue"
Info: address_decode: "Generating: address_decode"
Info: address_decode: "Generating: address_decode_clk_csr"
Info: address_decode: "Generating: address_decode_eth_gen_mon"
Info: address_decode: "Generating: address_decode_master_0"
Info: address_decode: "Generating: address_decode_merlin_master_translator_0"
Info: address_decode: "Generating: address_decode_mm_to_mac"
Info: address_decode: "Generating: address_decode_mm_to_phy"
Info: address_decode: "Generating: address_decode_rx_sc_fifo"
Info: address_decode: "Generating: address_decode_rx_xcvr_clk"
Info: address_decode: "Generating: address_decode_tx_sc_fifo"
Info: address_decode: "Generating: address_decode_tx_xcvr_clk"
Info: address_decode: "Generating: address_decode_tx_xcvr_half_clk"
Info: address_decode: "Generating: address_decode_altera_mm_interconnect_181_egdbf5q"
Info: address_decode: "Generating: altera_reset_controller"
Info: address_decode: "Generating: address_decode_altera_merlin_master_translator_181_mhudjri"
Info: address_decode: "Generating: address_decode_altera_merlin_slave_translator_181_5aswt6a"
Info: address_decode: "Generating: address_decode_altera_merlin_master_agent_181_t5eyqrq"
Info: address_decode: "Generating: address_decode_altera_merlin_slave_agent_181_a7g37xa"
Info: address_decode: "Generating: address_decode_altera_avalon_sc_fifo_181_hseo73i"
Info: address_decode: "Generating: address_decode_altera_merlin_router_181_dqij2zy"
Info: address_decode: "Generating: address_decode_altera_merlin_router_181_fet5uza"
Info: address_decode: "Generating: address_decode_altera_merlin_traffic_limiter_181_reppfiq"
Info: my_altera_avalon_sc_fifo_dest_id_fifo: "Generating: my_altera_avalon_sc_fifo_dest_id_fifo"
Info: my_alt_hiconnect_sc_fifo_dest_id_fifo: "Generating: my_alt_hiconnect_sc_fifo_dest_id_fifo"
Info: address_decode: "Generating: address_decode_altera_merlin_burst_adapter_181_hpj5oyy"
Info: address_decode: "Generating: address_decode_altera_merlin_demultiplexer_181_233qqei"
Info: address_decode: "Generating: address_decode_altera_merlin_multiplexer_181_or5baiy"
Info: address_decode: "Generating: address_decode_altera_merlin_demultiplexer_181_qc6ddcy"
Info: address_decode: "Generating: address_decode_altera_merlin_multiplexer_181_tzqtjwa"
Info: address_decode: "Generating: address_decode_altera_avalon_st_handshake_clock_crosser_181_oeeupgi"
Info: address_decode: "Generating: address_decode_altera_merlin_traffic_limiter_181_ohcvrpq"
Info: address_decode: "Generating: address_decode_altera_merlin_traffic_limiter_181_avmww2q"
Info: address_decode: "Generating: address_decode_alt_hiconnect_sc_fifo_181_cjmuh4a"
Info: address_decode: Done "address_decode" with 31 modules, 46 files
Info: qsys-generate succeeded.
Info: Finished: Create HDL design files for synthesis
Info: Starting: IP-XACT
Info: qsys-generate /tmp/arc/845491436/alt7821_7604303068892519685.dir/0002_alt_em10g32_0_gen/rtl/address_decoder/address_decode.qsys --synthesis=VERILOG --ipxact --output-directory=/tmp/arc/845491436/alt7821_7604303068892519685.dir/0002_alt_em10g32_0_gen/rtl/address_decoder/address_decode --family="Stratix 10" --part=1SG280HU2F50E2VG
Info: Finished: IP-XACT
