Info: Generated by version: 18.1 build 221
Info: Starting: Create simulation model
Info: qsys-generate /tmp/arc/829409691/alt7795_6890625537810218528.dir/0005_alt_em10g32_0_gen/rtl/fifo_scfifo/sc_fifo.qsys --simulation=VERILOG --allow-mixed-language-simulation --output-directory=/tmp/arc/829409691/alt7795_6890625537810218528.dir/0005_alt_em10g32_0_gen/rtl/fifo_scfifo/sc_fifo --family="Stratix 10" --part=1SG280HU2F50E2VG
Progress: Loading fifo_scfifo/sc_fifo.qsys
Progress: Reading input file
Progress: Adding rx_sc_fifo [altera_generic_component 1.0]
Progress: Parameterizing module rx_sc_fifo
Progress: Adding tx_sc_fifo [altera_generic_component 1.0]
Progress: Parameterizing module tx_sc_fifo
Progress: Building connections
Progress: Parameterizing connections
Progress: Validating
Progress: Done reading input file
Component Instantiation Warning: sc_fifo.rx_sc_fifo: Project Setting information doesn't match IP Variant file. Double-click to open System Info tab.
Component Instantiation Warning: sc_fifo.tx_sc_fifo: Project Setting information doesn't match IP Variant file. Double-click to open System Info tab.
Info: sc_fifo: "Transforming system: sc_fifo"
Info: sc_fifo: "Naming system components in system: sc_fifo"
Info: sc_fifo: "Processing generation queue"
Info: sc_fifo: "Generating: sc_fifo"
Info: sc_fifo: "Generating: sc_fifo_rx_sc_fifo"
Info: sc_fifo: "Generating: sc_fifo_tx_sc_fifo"
Info: sc_fifo: Done "sc_fifo" with 3 modules, 1 files
Info: Generating the following file(s) for MODELSIM simulator in /tmp/arc/829409691/alt7795_6890625537810218528.dir/0005_alt_em10g32_0_gen/rtl/fifo_scfifo/sc_fifo/sim/ directory:
Info: 	common/modelsim_files.tcl
Info: Generating the following file(s) for VCSMX simulator in /tmp/arc/829409691/alt7795_6890625537810218528.dir/0005_alt_em10g32_0_gen/rtl/fifo_scfifo/sc_fifo/sim/ directory:
Info: 	common/vcsmx_files.tcl
Info: Generating the following file(s) for VCS simulator in /tmp/arc/829409691/alt7795_6890625537810218528.dir/0005_alt_em10g32_0_gen/rtl/fifo_scfifo/sc_fifo/sim/ directory:
Info: 	common/vcs_files.tcl
Info: Generating the following file(s) for RIVIERA simulator in /tmp/arc/829409691/alt7795_6890625537810218528.dir/0005_alt_em10g32_0_gen/rtl/fifo_scfifo/sc_fifo/sim/ directory:
Info: 	common/riviera_files.tcl
Info: Generating the following file(s) for NCSIM simulator in /tmp/arc/829409691/alt7795_6890625537810218528.dir/0005_alt_em10g32_0_gen/rtl/fifo_scfifo/sc_fifo/sim/ directory:
Info: 	common/ncsim_files.tcl
Info: Generating the following file(s) for XCELIUM simulator in /tmp/arc/829409691/alt7795_6890625537810218528.dir/0005_alt_em10g32_0_gen/rtl/fifo_scfifo/sc_fifo/sim/ directory:
Info: 	common/xcelium_files.tcl
Info: For information on how to simulate your IP, see the explanatory comments in the simulator-specific subdirectories under /tmp/arc/829409691/alt7795_6890625537810218528.dir/0005_alt_em10g32_0_gen/rtl/fifo_scfifo/sc_fifo/sim/.
Info: Regenerate these scripts whenever you make any change to any Quartus-generated IP in your project.
Info: qsys-generate succeeded.
Info: Finished: Create simulation model
Info: Starting: Create Modelsim Project.
Info: sim-script-gen --system-file=/tmp/arc/829409691/alt7795_6890625537810218528.dir/0005_alt_em10g32_0_gen/rtl/fifo_scfifo/sc_fifo.qsys --output-directory=/tmp/arc/829409691/alt7795_6890625537810218528.dir/0005_alt_em10g32_0_gen/rtl/fifo_scfifo/sc_fifo/sim/ --use-relative-paths=true
Info: Generating the following file(s) for MODELSIM simulator in /tmp/arc/829409691/alt7795_6890625537810218528.dir/0005_alt_em10g32_0_gen/rtl/fifo_scfifo/sc_fifo/sim/ directory:
Info: 	mentor/msim_setup.tcl
Info: Generating the following file(s) for VCSMX simulator in /tmp/arc/829409691/alt7795_6890625537810218528.dir/0005_alt_em10g32_0_gen/rtl/fifo_scfifo/sc_fifo/sim/ directory:
Info: 	synopsys/vcsmx/synopsys_sim.setup
Info: 	synopsys/vcsmx/vcsmx_setup.sh
Info: Generating the following file(s) for VCS simulator in /tmp/arc/829409691/alt7795_6890625537810218528.dir/0005_alt_em10g32_0_gen/rtl/fifo_scfifo/sc_fifo/sim/ directory:
Info: 	synopsys/vcs/vcs_setup.sh
Info: Generating the following file(s) for RIVIERA simulator in /tmp/arc/829409691/alt7795_6890625537810218528.dir/0005_alt_em10g32_0_gen/rtl/fifo_scfifo/sc_fifo/sim/ directory:
Info: 	aldec/rivierapro_setup.tcl
Info: Generating the following file(s) for NCSIM simulator in /tmp/arc/829409691/alt7795_6890625537810218528.dir/0005_alt_em10g32_0_gen/rtl/fifo_scfifo/sc_fifo/sim/ directory:
Info: 	cadence/cds.lib
Info: 	cadence/hdl.var
Info: 	cadence/ncsim_setup.sh
Info: 	1 .cds.lib files in cadence/cds_libs/ directory
Info: Generating the following file(s) for XCELIUM simulator in /tmp/arc/829409691/alt7795_6890625537810218528.dir/0005_alt_em10g32_0_gen/rtl/fifo_scfifo/sc_fifo/sim/ directory:
Info: 	xcelium/cds.lib
Info: 	xcelium/hdl.var
Info: 	xcelium/xcelium_setup.sh
Info: 	1 .cds.lib files in xcelium/cds_libs/ directory
Info: For information on how to simulate your IP, see the explanatory comments in the simulator-specific subdirectories under /tmp/arc/829409691/alt7795_6890625537810218528.dir/0005_alt_em10g32_0_gen/rtl/fifo_scfifo/sc_fifo/sim/.
Info: Regenerate these scripts whenever you make any change to any Quartus-generated IP in your project.
Info: Finished: Create Modelsim Project.
Info: 
Info: Starting: Create HDL design files for synthesis
Info: qsys-generate /tmp/arc/829409691/alt7795_6890625537810218528.dir/0005_alt_em10g32_0_gen/rtl/fifo_scfifo/sc_fifo.qsys --synthesis=VERILOG --output-directory=/tmp/arc/829409691/alt7795_6890625537810218528.dir/0005_alt_em10g32_0_gen/rtl/fifo_scfifo/sc_fifo --family="Stratix 10" --part=1SG280HU2F50E2VG
Progress: Loading fifo_scfifo/sc_fifo.qsys
Progress: Reading input file
Progress: Adding rx_sc_fifo [altera_generic_component 1.0]
Progress: Parameterizing module rx_sc_fifo
Progress: Adding tx_sc_fifo [altera_generic_component 1.0]
Progress: Parameterizing module tx_sc_fifo
Progress: Building connections
Progress: Parameterizing connections
Progress: Validating
Progress: Done reading input file
Component Instantiation Warning: sc_fifo.rx_sc_fifo: Project Setting information doesn't match IP Variant file. Double-click to open System Info tab.
Component Instantiation Warning: sc_fifo.tx_sc_fifo: Project Setting information doesn't match IP Variant file. Double-click to open System Info tab.
Info: sc_fifo: "Transforming system: sc_fifo"
Info: sc_fifo: "Naming system components in system: sc_fifo"
Info: sc_fifo: "Processing generation queue"
Info: sc_fifo: "Generating: sc_fifo"
Info: sc_fifo: "Generating: sc_fifo_rx_sc_fifo"
Info: sc_fifo: "Generating: sc_fifo_tx_sc_fifo"
Info: sc_fifo: Done "sc_fifo" with 3 modules, 1 files
Info: qsys-generate succeeded.
Info: Finished: Create HDL design files for synthesis
Info: Starting: IP-XACT
Info: qsys-generate /tmp/arc/829409691/alt7795_6890625537810218528.dir/0005_alt_em10g32_0_gen/rtl/fifo_scfifo/sc_fifo.qsys --synthesis=VERILOG --ipxact --output-directory=/tmp/arc/829409691/alt7795_6890625537810218528.dir/0005_alt_em10g32_0_gen/rtl/fifo_scfifo/sc_fifo --family="Stratix 10" --part=1SG280HU2F50E2VG
Info: Finished: IP-XACT
