Info: Generated by version: 17.0 build 290
Info: Starting: Create simulation model
Info: qsys-generate /data/ecustodi/workspaces/hssi/work/platform/dcp_1.0-rc/design/hssi_eth/e10/fifo_scfifo/sc_fifo.qsys --simulation=VERILOG --allow-mixed-language-simulation --output-directory=/data/ecustodi/workspaces/hssi/work/platform/dcp_1.0-rc/design/hssi_eth/e10/fifo_scfifo/sc_fifo --family="Arria 10" --part=10AX115N3F40E2SG
Progress: Loading fifo_scfifo/sc_fifo.qsys
Progress: Reading input file
Progress: Adding rx_sc_fifo [altera_avalon_sc_fifo 17.0]
Progress: Parameterizing module rx_sc_fifo
Progress: Adding tx_sc_fifo [altera_avalon_sc_fifo 17.0]
Progress: Parameterizing module tx_sc_fifo
Progress: Building connections
Progress: Parameterizing connections
Progress: Validating
Progress: Done reading input file
Info: sc_fifo: "Transforming system: sc_fifo"
Info: sc_fifo: Running transform generation_view_transform
Info: sc_fifo: Running transform generation_view_transform took 0.002s
Info: rx_sc_fifo: Running transform generation_view_transform
Info: rx_sc_fifo: Running transform generation_view_transform took 0.001s
Info: tx_sc_fifo: Running transform generation_view_transform
Info: tx_sc_fifo: Running transform generation_view_transform took 0.000s
Info: sc_fifo: Running transform interconnect_transform_chooser
Info: sc_fifo: Running transform interconnect_transform_chooser took 0.088s
Info: sc_fifo: "Naming system components in system: sc_fifo"
Info: sc_fifo: "Processing generation queue"
Info: sc_fifo: "Generating: sc_fifo"
Info: sc_fifo: "Generating: altera_avalon_sc_fifo"
Info: sc_fifo: Done "sc_fifo" with 2 modules, 2 files
Info: qsys-generate succeeded.
Info: Finished: Create simulation model
Info: Starting: Create Modelsim Project.
Info: sim-script-gen --spd=/data/ecustodi/workspaces/hssi/work/platform/dcp_1.0-rc/design/hssi_eth/e10/fifo_scfifo/sc_fifo/sc_fifo.spd --output-directory=/data/ecustodi/workspaces/hssi/work/platform/dcp_1.0-rc/design/hssi_eth/e10/fifo_scfifo/sc_fifo/sim/ --use-relative-paths=true
Info: Doing: ip-make-simscript --spd=/data/ecustodi/workspaces/hssi/work/platform/dcp_1.0-rc/design/hssi_eth/e10/fifo_scfifo/sc_fifo/sc_fifo.spd --output-directory=/data/ecustodi/workspaces/hssi/work/platform/dcp_1.0-rc/design/hssi_eth/e10/fifo_scfifo/sc_fifo/sim/ --use-relative-paths=true
Info: Generating the following file(s) for MODELSIM simulator in /data/ecustodi/workspaces/hssi/work/platform/dcp_1.0-rc/design/hssi_eth/e10/fifo_scfifo/sc_fifo/sim/ directory:
Info: 	mentor/msim_setup.tcl
Info: Generating the following file(s) for VCS simulator in /data/ecustodi/workspaces/hssi/work/platform/dcp_1.0-rc/design/hssi_eth/e10/fifo_scfifo/sc_fifo/sim/ directory:
Info: 	synopsys/vcs/vcs_setup.sh
Info: Generating the following file(s) for VCSMX simulator in /data/ecustodi/workspaces/hssi/work/platform/dcp_1.0-rc/design/hssi_eth/e10/fifo_scfifo/sc_fifo/sim/ directory:
Info: 	synopsys/vcsmx/synopsys_sim.setup
Info: 	synopsys/vcsmx/vcsmx_setup.sh
Info: Generating the following file(s) for NCSIM simulator in /data/ecustodi/workspaces/hssi/work/platform/dcp_1.0-rc/design/hssi_eth/e10/fifo_scfifo/sc_fifo/sim/ directory:
Info: 	cadence/cds.lib
Info: 	cadence/hdl.var
Info: 	cadence/ncsim_setup.sh
Info: 	2 .cds.lib files in cadence/cds_libs/ directory
Info: Generating the following file(s) for RIVIERA simulator in /data/ecustodi/workspaces/hssi/work/platform/dcp_1.0-rc/design/hssi_eth/e10/fifo_scfifo/sc_fifo/sim/ directory:
Info: 	aldec/rivierapro_setup.tcl
Info: For information on how to simulate your IP, see the explanatory comments in the simulator-specific subdirectories under /data/ecustodi/workspaces/hssi/work/platform/dcp_1.0-rc/design/hssi_eth/e10/fifo_scfifo/sc_fifo/sim/.
Info: Regenerate these scripts whenever you make any change to any Quartus-generated IP in your project.
Info: Finished: Create Modelsim Project.
Info: Starting: Create block symbol file (.bsf)
Info: qsys-generate /data/ecustodi/workspaces/hssi/work/platform/dcp_1.0-rc/design/hssi_eth/e10/fifo_scfifo/sc_fifo.qsys --block-symbol-file --output-directory=/data/ecustodi/workspaces/hssi/work/platform/dcp_1.0-rc/design/hssi_eth/e10/fifo_scfifo/sc_fifo --family="Arria 10" --part=10AX115N3F40E2SG
Progress: Loading fifo_scfifo/sc_fifo.qsys
Progress: Reading input file
Progress: Adding rx_sc_fifo [altera_avalon_sc_fifo 17.0]
Progress: Parameterizing module rx_sc_fifo
Progress: Adding tx_sc_fifo [altera_avalon_sc_fifo 17.0]
Progress: Parameterizing module tx_sc_fifo
Progress: Building connections
Progress: Parameterizing connections
Progress: Validating
Progress: Done reading input file
Info: qsys-generate succeeded.
Info: Finished: Create block symbol file (.bsf)
Info: 
Info: Starting: Create HDL design files for synthesis
Info: qsys-generate /data/ecustodi/workspaces/hssi/work/platform/dcp_1.0-rc/design/hssi_eth/e10/fifo_scfifo/sc_fifo.qsys --synthesis=VERILOG --output-directory=/data/ecustodi/workspaces/hssi/work/platform/dcp_1.0-rc/design/hssi_eth/e10/fifo_scfifo/sc_fifo --family="Arria 10" --part=10AX115N3F40E2SG
Progress: Loading fifo_scfifo/sc_fifo.qsys
Progress: Reading input file
Progress: Adding rx_sc_fifo [altera_avalon_sc_fifo 17.0]
Progress: Parameterizing module rx_sc_fifo
Progress: Adding tx_sc_fifo [altera_avalon_sc_fifo 17.0]
Progress: Parameterizing module tx_sc_fifo
Progress: Building connections
Progress: Parameterizing connections
Progress: Validating
Progress: Done reading input file
Info: sc_fifo: "Transforming system: sc_fifo"
Info: sc_fifo: Running transform generation_view_transform
Info: sc_fifo: Running transform generation_view_transform took 0.000s
Info: rx_sc_fifo: Running transform generation_view_transform
Info: rx_sc_fifo: Running transform generation_view_transform took 0.000s
Info: tx_sc_fifo: Running transform generation_view_transform
Info: tx_sc_fifo: Running transform generation_view_transform took 0.000s
Info: sc_fifo: Running transform interconnect_transform_chooser
Info: sc_fifo: Running transform interconnect_transform_chooser took 0.010s
Info: sc_fifo: "Naming system components in system: sc_fifo"
Info: sc_fifo: "Processing generation queue"
Info: sc_fifo: "Generating: sc_fifo"
Info: sc_fifo: "Generating: altera_avalon_sc_fifo"
Info: sc_fifo: Done "sc_fifo" with 2 modules, 2 files
Info: qsys-generate succeeded.
Info: Finished: Create HDL design files for synthesis
