Info: Starting: Create simulation model
Info: qsys-generate E:\e10_4_pro\rtl\phy\altera_eth_10gbaser_phy.qsys --simulation=VERILOG --allow-mixed-language-simulation --output-directory=E:\e10_4_pro\rtl\phy\altera_eth_10gbaser_phy --family="Arria 10" --part=10AX115U1F45I1SG
Progress: Loading phy/altera_eth_10gbaser_phy.qsys
Progress: Reading input file
Progress: Adding xcvr_native_a10_0 [altera_xcvr_native_a10 16.0]
Progress: Parameterizing module xcvr_native_a10_0
Progress: Building connections
Progress: Parameterizing connections
Progress: Validating
Progress: Done reading input file
Info: altera_eth_10gbaser_phy.xcvr_native_a10_0: Simplified data interface has been enabled. The Native PHY will present the data/control interface for the current configuration only. Dynamic reconfiguration of the data interface cannot be supported. The unused_tx_parallel_data and unused_tx_control ports should be connected to 0.
Info: altera_eth_10gbaser_phy.xcvr_native_a10_0: The "tx_pma_div_clkout" port should not be used for register mode data transfers (Relevant parameter: "Enable tx_pma_div_clkout port" (enable_port_tx_pma_div_clkout)).
Info: altera_eth_10gbaser_phy.xcvr_native_a10_0: The "rx_pma_div_clkout" port should not be used for register mode data transfers (Relevant parameter: "Enable rx_pma_div_clkout port" (enable_port_rx_pma_div_clkout)).
Info: altera_eth_10gbaser_phy.xcvr_native_a10_0: Note - When dynamic reconfiguration is enabled, users are recommended to enable multiple reconfiguration profiles for Quartus to perform robust timing closure
Info: altera_eth_10gbaser_phy.xcvr_native_a10_0: For the selected device(10AX115U1F45I1SG), transceiver speed grade is 1 and core speed grade is 1.
Info: altera_eth_10gbaser_phy.xcvr_native_a10_0: Note - The external TX PLL IP must be configured with an output clock frequency of 5156.25 MHz.
Warning: altera_eth_10gbaser_phy.xcvr_native_a10_0: The current value "1_1V" for parameter "VCCR_GXB and VCCT_GXB supply voltage for the Transceiver" (anlg_voltage) is invalid. Possible valid values are: "1_0V" "0_9V".  The parameter value is invalid under these current parameter settings:  "device" (device)="" (10AX115U1F45I1SG). Rule(s): pma_rx_buf_power_mode: pma_tx_buf_power_mode: pma_rx_buf_power_mode_rx.
Info: altera_eth_10gbaser_phy: "Transforming system: altera_eth_10gbaser_phy"
Info: altera_eth_10gbaser_phy: Running transform generation_view_transform
Info: altera_eth_10gbaser_phy: Running transform generation_view_transform took 0.000s
Info: xcvr_native_a10_0: Running transform generation_view_transform
Info: xcvr_native_a10_0: Running transform generation_view_transform took 0.000s
Info: altera_eth_10gbaser_phy: Running transform merlin_avalon_transform
Info: altera_eth_10gbaser_phy: Running transform merlin_avalon_transform took 0.178s
Info: altera_eth_10gbaser_phy: "Naming system components in system: altera_eth_10gbaser_phy"
Info: altera_eth_10gbaser_phy: "Processing generation queue"
Info: altera_eth_10gbaser_phy: "Generating: altera_eth_10gbaser_phy"
Info: altera_eth_10gbaser_phy: "Generating: altera_eth_10gbaser_phy_altera_xcvr_native_a10_160_pstzvua"
Info: xcvr_native_a10_0: add_fileset_file ./alt_xcvr_resync.sv SYSTEM_VERILOG PATH ../../../../altera_xcvr_generic/ctrl/alt_xcvr_resync.sv
Info: xcvr_native_a10_0: add_fileset_file ./alt_xcvr_arbiter.sv SYSTEM_VERILOG PATH ../../../../altera_xcvr_generic/ctrl/alt_xcvr_arbiter.sv
Info: xcvr_native_a10_0: add_fileset_file ./mentor/alt_xcvr_resync.sv SYSTEM_VERILOG_ENCRYPT PATH ../../../../altera_xcvr_generic/mentor/ctrl/alt_xcvr_resync.sv MENTOR_SPECIFIC
Info: xcvr_native_a10_0: add_fileset_file ./mentor/alt_xcvr_arbiter.sv SYSTEM_VERILOG_ENCRYPT PATH ../../../../altera_xcvr_generic/mentor/ctrl/alt_xcvr_arbiter.sv MENTOR_SPECIFIC
Info: xcvr_native_a10_0: add_fileset_file ./twentynm_pcs.sv SYSTEM_VERILOG PATH ../../../alt_xcvr_core/nf/twentynm_pcs.sv
Info: xcvr_native_a10_0: add_fileset_file ./twentynm_pma.sv SYSTEM_VERILOG PATH ../../../alt_xcvr_core/nf/twentynm_pma.sv
Info: xcvr_native_a10_0: add_fileset_file ./twentynm_xcvr_avmm.sv SYSTEM_VERILOG PATH ../../../alt_xcvr_core/nf/twentynm_xcvr_avmm.sv
Info: xcvr_native_a10_0: add_fileset_file ./twentynm_xcvr_native.sv SYSTEM_VERILOG PATH ../../../alt_xcvr_core/nf/twentynm_xcvr_native.sv
Info: xcvr_native_a10_0: add_fileset_file ./mentor/twentynm_pcs.sv SYSTEM_VERILOG_ENCRYPT PATH ../../../alt_xcvr_core/nf/mentor/twentynm_pcs.sv MENTOR_SPECIFIC
Info: xcvr_native_a10_0: add_fileset_file ./mentor/twentynm_pma.sv SYSTEM_VERILOG_ENCRYPT PATH ../../../alt_xcvr_core/nf/mentor/twentynm_pma.sv MENTOR_SPECIFIC
Info: xcvr_native_a10_0: add_fileset_file ./mentor/twentynm_xcvr_avmm.sv SYSTEM_VERILOG_ENCRYPT PATH ../../../alt_xcvr_core/nf/mentor/twentynm_xcvr_avmm.sv MENTOR_SPECIFIC
Info: xcvr_native_a10_0: add_fileset_file ./mentor/twentynm_xcvr_native.sv SYSTEM_VERILOG_ENCRYPT PATH ../../../alt_xcvr_core/nf/mentor/twentynm_xcvr_native.sv MENTOR_SPECIFIC
Info: xcvr_native_a10_0: add_fileset_file ./altera_xcvr_native_a10_functions_h.sv SYSTEM_VERILOG PATH ..//altera_xcvr_native_a10_functions_h.sv
Info: xcvr_native_a10_0: add_fileset_file ./a10_avmm_h.sv SYSTEM_VERILOG PATH ..//a10_avmm_h.sv
Info: xcvr_native_a10_0: add_fileset_file ./alt_xcvr_native_pipe_retry.sv SYSTEM_VERILOG PATH ..//alt_xcvr_native_pipe_retry.sv
Info: xcvr_native_a10_0: add_fileset_file ./alt_xcvr_native_avmm_csr.sv SYSTEM_VERILOG PATH ..//alt_xcvr_native_avmm_csr.sv
Info: xcvr_native_a10_0: add_fileset_file ./alt_xcvr_native_prbs_accum.sv SYSTEM_VERILOG PATH ..//alt_xcvr_native_prbs_accum.sv
Info: xcvr_native_a10_0: add_fileset_file ./alt_xcvr_native_odi_accel.sv SYSTEM_VERILOG PATH ..//alt_xcvr_native_odi_accel.sv
Info: xcvr_native_a10_0: add_fileset_file ./alt_xcvr_native_rcfg_arb.sv SYSTEM_VERILOG PATH ..//alt_xcvr_native_rcfg_arb.sv
Info: xcvr_native_a10_0: Building configuration data for reconfiguration profile 0
Info: xcvr_native_a10_0: Generating configuration files for reconfiguration profile 0
Info: xcvr_native_a10_0: Generating C header configuration file for reconfiguration profile 0
Info: altera_eth_10gbaser_phy: Done "altera_eth_10gbaser_phy" with 2 modules, 29 files
Info: qsys-generate succeeded.
Info: Finished: Create simulation model
Info: Starting: Create Modelsim Project.
Info: sim-script-gen --spd=E:\e10_4_pro\rtl\phy\altera_eth_10gbaser_phy\altera_eth_10gbaser_phy.spd --output-directory=E:/e10_4_pro/rtl/phy/altera_eth_10gbaser_phy/sim/ --use-relative-paths=true
Info: Doing: ip-make-simscript --spd=E:\e10_4_pro\rtl\phy\altera_eth_10gbaser_phy\altera_eth_10gbaser_phy.spd --output-directory=E:/e10_4_pro/rtl/phy/altera_eth_10gbaser_phy/sim/ --use-relative-paths=true
Info: Generating the following file(s) for MODELSIM simulator in E:/e10_4_pro/rtl/phy/altera_eth_10gbaser_phy/sim/ directory:
Info: 	mentor/msim_setup.tcl
Info: Generating the following file(s) for VCS simulator in E:/e10_4_pro/rtl/phy/altera_eth_10gbaser_phy/sim/ directory:
Info: 	synopsys/vcs/vcs_setup.sh
Info: Generating the following file(s) for VCSMX simulator in E:/e10_4_pro/rtl/phy/altera_eth_10gbaser_phy/sim/ directory:
Info: 	synopsys/vcsmx/synopsys_sim.setup
Info: 	synopsys/vcsmx/vcsmx_setup.sh
Info: Generating the following file(s) for NCSIM simulator in E:/e10_4_pro/rtl/phy/altera_eth_10gbaser_phy/sim/ directory:
Info: 	cadence/cds.lib
Info: 	cadence/hdl.var
Info: 	cadence/ncsim_setup.sh
Info: 	2 .cds.lib files in cadence/cds_libs/ directory
Info: Generating the following file(s) for RIVIERA simulator in E:/e10_4_pro/rtl/phy/altera_eth_10gbaser_phy/sim/ directory:
Info: 	aldec/rivierapro_setup.tcl
Info: Finished: Create Modelsim Project.
Info: Starting: Create block symbol file (.bsf)
Info: qsys-generate E:\e10_4_pro\rtl\phy\altera_eth_10gbaser_phy.qsys --block-symbol-file --output-directory=E:\e10_4_pro\rtl\phy\altera_eth_10gbaser_phy --family="Arria 10" --part=10AX115U1F45I1SG
Progress: Loading phy/altera_eth_10gbaser_phy.qsys
Progress: Reading input file
Progress: Adding xcvr_native_a10_0 [altera_xcvr_native_a10 16.0]
Progress: Parameterizing module xcvr_native_a10_0
Progress: Building connections
Progress: Parameterizing connections
Progress: Validating
Progress: Done reading input file
Info: altera_eth_10gbaser_phy.xcvr_native_a10_0: Simplified data interface has been enabled. The Native PHY will present the data/control interface for the current configuration only. Dynamic reconfiguration of the data interface cannot be supported. The unused_tx_parallel_data and unused_tx_control ports should be connected to 0.
Info: altera_eth_10gbaser_phy.xcvr_native_a10_0: The "tx_pma_div_clkout" port should not be used for register mode data transfers (Relevant parameter: "Enable tx_pma_div_clkout port" (enable_port_tx_pma_div_clkout)).
Info: altera_eth_10gbaser_phy.xcvr_native_a10_0: The "rx_pma_div_clkout" port should not be used for register mode data transfers (Relevant parameter: "Enable rx_pma_div_clkout port" (enable_port_rx_pma_div_clkout)).
Info: altera_eth_10gbaser_phy.xcvr_native_a10_0: Note - When dynamic reconfiguration is enabled, users are recommended to enable multiple reconfiguration profiles for Quartus to perform robust timing closure
Info: altera_eth_10gbaser_phy.xcvr_native_a10_0: For the selected device(10AX115U1F45I1SG), transceiver speed grade is 1 and core speed grade is 1.
Info: altera_eth_10gbaser_phy.xcvr_native_a10_0: Note - The external TX PLL IP must be configured with an output clock frequency of 5156.25 MHz.
Warning: altera_eth_10gbaser_phy.xcvr_native_a10_0: The current value "1_1V" for parameter "VCCR_GXB and VCCT_GXB supply voltage for the Transceiver" (anlg_voltage) is invalid. Possible valid values are: "1_0V" "0_9V".  The parameter value is invalid under these current parameter settings:  "device" (device)="" (10AX115U1F45I1SG). Rule(s): pma_rx_buf_power_mode: pma_tx_buf_power_mode: pma_rx_buf_power_mode_rx.
Info: qsys-generate succeeded.
Info: Finished: Create block symbol file (.bsf)
Info: 
Info: Starting: Create HDL design files for synthesis
Info: qsys-generate E:\e10_4_pro\rtl\phy\altera_eth_10gbaser_phy.qsys --synthesis=VERILOG --output-directory=E:\e10_4_pro\rtl\phy\altera_eth_10gbaser_phy --family="Arria 10" --part=10AX115U1F45I1SG
Progress: Loading phy/altera_eth_10gbaser_phy.qsys
Progress: Reading input file
Progress: Adding xcvr_native_a10_0 [altera_xcvr_native_a10 16.0]
Progress: Parameterizing module xcvr_native_a10_0
Progress: Building connections
Progress: Parameterizing connections
Progress: Validating
Progress: Done reading input file
Info: altera_eth_10gbaser_phy.xcvr_native_a10_0: Simplified data interface has been enabled. The Native PHY will present the data/control interface for the current configuration only. Dynamic reconfiguration of the data interface cannot be supported. The unused_tx_parallel_data and unused_tx_control ports should be connected to 0.
Info: altera_eth_10gbaser_phy.xcvr_native_a10_0: The "tx_pma_div_clkout" port should not be used for register mode data transfers (Relevant parameter: "Enable tx_pma_div_clkout port" (enable_port_tx_pma_div_clkout)).
Info: altera_eth_10gbaser_phy.xcvr_native_a10_0: The "rx_pma_div_clkout" port should not be used for register mode data transfers (Relevant parameter: "Enable rx_pma_div_clkout port" (enable_port_rx_pma_div_clkout)).
Info: altera_eth_10gbaser_phy.xcvr_native_a10_0: Note - When dynamic reconfiguration is enabled, users are recommended to enable multiple reconfiguration profiles for Quartus to perform robust timing closure
Info: altera_eth_10gbaser_phy.xcvr_native_a10_0: For the selected device(10AX115U1F45I1SG), transceiver speed grade is 1 and core speed grade is 1.
Info: altera_eth_10gbaser_phy.xcvr_native_a10_0: Note - The external TX PLL IP must be configured with an output clock frequency of 5156.25 MHz.
Warning: altera_eth_10gbaser_phy.xcvr_native_a10_0: The current value "1_1V" for parameter "VCCR_GXB and VCCT_GXB supply voltage for the Transceiver" (anlg_voltage) is invalid. Possible valid values are: "1_0V" "0_9V".  The parameter value is invalid under these current parameter settings:  "device" (device)="" (10AX115U1F45I1SG). Rule(s): pma_rx_buf_power_mode: pma_tx_buf_power_mode: pma_rx_buf_power_mode_rx.
Info: altera_eth_10gbaser_phy: "Transforming system: altera_eth_10gbaser_phy"
Info: altera_eth_10gbaser_phy: Running transform generation_view_transform
Info: altera_eth_10gbaser_phy: Running transform generation_view_transform took 0.000s
Info: xcvr_native_a10_0: Running transform generation_view_transform
Info: xcvr_native_a10_0: Running transform generation_view_transform took 0.000s
Info: altera_eth_10gbaser_phy: Running transform merlin_avalon_transform
Info: altera_eth_10gbaser_phy: Running transform merlin_avalon_transform took 0.257s
Info: altera_eth_10gbaser_phy: "Naming system components in system: altera_eth_10gbaser_phy"
Info: altera_eth_10gbaser_phy: "Processing generation queue"
Info: altera_eth_10gbaser_phy: "Generating: altera_eth_10gbaser_phy"
Info: altera_eth_10gbaser_phy: "Generating: altera_eth_10gbaser_phy_altera_xcvr_native_a10_160_pstzvua"
Info: xcvr_native_a10_0: add_fileset_file ./alt_xcvr_resync.sv SYSTEM_VERILOG PATH ../../../../altera_xcvr_generic/ctrl/alt_xcvr_resync.sv
Info: xcvr_native_a10_0: add_fileset_file ./alt_xcvr_arbiter.sv SYSTEM_VERILOG PATH ../../../../altera_xcvr_generic/ctrl/alt_xcvr_arbiter.sv
Info: xcvr_native_a10_0: add_fileset_file ./twentynm_pcs.sv SYSTEM_VERILOG PATH ../../../alt_xcvr_core/nf/twentynm_pcs.sv
Info: xcvr_native_a10_0: add_fileset_file ./twentynm_pma.sv SYSTEM_VERILOG PATH ../../../alt_xcvr_core/nf/twentynm_pma.sv
Info: xcvr_native_a10_0: add_fileset_file ./twentynm_xcvr_avmm.sv SYSTEM_VERILOG PATH ../../../alt_xcvr_core/nf/twentynm_xcvr_avmm.sv
Info: xcvr_native_a10_0: add_fileset_file ./twentynm_xcvr_native.sv SYSTEM_VERILOG PATH ../../../alt_xcvr_core/nf/twentynm_xcvr_native.sv
Info: xcvr_native_a10_0: add_fileset_file ./altera_xcvr_native_a10_functions_h.sv SYSTEM_VERILOG PATH ..//altera_xcvr_native_a10_functions_h.sv
Info: xcvr_native_a10_0: add_fileset_file ./a10_avmm_h.sv SYSTEM_VERILOG PATH ..//a10_avmm_h.sv
Info: xcvr_native_a10_0: add_fileset_file ./alt_xcvr_native_pipe_retry.sv SYSTEM_VERILOG PATH ..//alt_xcvr_native_pipe_retry.sv
Info: xcvr_native_a10_0: add_fileset_file ./alt_xcvr_native_avmm_csr.sv SYSTEM_VERILOG PATH ..//alt_xcvr_native_avmm_csr.sv
Info: xcvr_native_a10_0: add_fileset_file ./alt_xcvr_native_prbs_accum.sv SYSTEM_VERILOG PATH ..//alt_xcvr_native_prbs_accum.sv
Info: xcvr_native_a10_0: add_fileset_file ./alt_xcvr_native_odi_accel.sv SYSTEM_VERILOG PATH ..//alt_xcvr_native_odi_accel.sv
Info: xcvr_native_a10_0: add_fileset_file ./alt_xcvr_native_rcfg_arb.sv SYSTEM_VERILOG PATH ..//alt_xcvr_native_rcfg_arb.sv
Info: xcvr_native_a10_0: add_fileset_file ./altera_xcvr_native_a10_false_paths.sdc SDC PATH ..//altera_xcvr_native_a10_false_paths.sdc
Info: xcvr_native_a10_0: Building configuration data for reconfiguration profile 0
Info: xcvr_native_a10_0: Generating configuration files for reconfiguration profile 0
Info: xcvr_native_a10_0: Generating C header configuration file for reconfiguration profile 0
Info: altera_eth_10gbaser_phy: Done "altera_eth_10gbaser_phy" with 2 modules, 20 files
Info: qsys-generate succeeded.
Info: Finished: Create HDL design files for synthesis
