Info: Generated by version: 18.1 build 221
Info: Starting: Create simulation model
Info: qsys-generate /tmp/arc/829409691/alt7795_6890625537810218528.dir/0005_alt_em10g32_0_gen/rtl/address_decoder/ip/address_decode/address_decode_rx_xcvr_clk.ip --simulation=VERILOG --allow-mixed-language-simulation --output-directory=/tmp/arc/829409691/alt7795_6890625537810218528.dir/0005_alt_em10g32_0_gen/rtl/address_decoder/ip/address_decode/address_decode_rx_xcvr_clk --family="Stratix 10" --part=1SG280HU2F50E2VG
Warning: rx_xcvr_clk: Used clock_source 18.1 (instead of 17.1)
Info: address_decode_rx_xcvr_clk: "Transforming system: address_decode_rx_xcvr_clk"
Info: address_decode_rx_xcvr_clk: "Naming system components in system: address_decode_rx_xcvr_clk"
Info: address_decode_rx_xcvr_clk: "Processing generation queue"
Info: address_decode_rx_xcvr_clk: "Generating: address_decode_rx_xcvr_clk"
Info: address_decode_rx_xcvr_clk: Done "address_decode_rx_xcvr_clk" with 1 modules, 1 files
Info: Generating the following file(s) for MODELSIM simulator in /tmp/arc/829409691/alt7795_6890625537810218528.dir/0005_alt_em10g32_0_gen/rtl/address_decoder/ip/address_decode/address_decode_rx_xcvr_clk/sim/ directory:
Info: 	common/modelsim_files.tcl
Info: Generating the following file(s) for VCSMX simulator in /tmp/arc/829409691/alt7795_6890625537810218528.dir/0005_alt_em10g32_0_gen/rtl/address_decoder/ip/address_decode/address_decode_rx_xcvr_clk/sim/ directory:
Info: 	common/vcsmx_files.tcl
Info: Generating the following file(s) for VCS simulator in /tmp/arc/829409691/alt7795_6890625537810218528.dir/0005_alt_em10g32_0_gen/rtl/address_decoder/ip/address_decode/address_decode_rx_xcvr_clk/sim/ directory:
Info: 	common/vcs_files.tcl
Info: Generating the following file(s) for RIVIERA simulator in /tmp/arc/829409691/alt7795_6890625537810218528.dir/0005_alt_em10g32_0_gen/rtl/address_decoder/ip/address_decode/address_decode_rx_xcvr_clk/sim/ directory:
Info: 	common/riviera_files.tcl
Info: Generating the following file(s) for NCSIM simulator in /tmp/arc/829409691/alt7795_6890625537810218528.dir/0005_alt_em10g32_0_gen/rtl/address_decoder/ip/address_decode/address_decode_rx_xcvr_clk/sim/ directory:
Info: 	common/ncsim_files.tcl
Info: Generating the following file(s) for XCELIUM simulator in /tmp/arc/829409691/alt7795_6890625537810218528.dir/0005_alt_em10g32_0_gen/rtl/address_decoder/ip/address_decode/address_decode_rx_xcvr_clk/sim/ directory:
Info: 	common/xcelium_files.tcl
Info: For information on how to simulate your IP, see the explanatory comments in the simulator-specific subdirectories under /tmp/arc/829409691/alt7795_6890625537810218528.dir/0005_alt_em10g32_0_gen/rtl/address_decoder/ip/address_decode/address_decode_rx_xcvr_clk/sim/.
Info: Regenerate these scripts whenever you make any change to any Quartus-generated IP in your project.
Info: qsys-generate succeeded.
Info: Finished: Create simulation model
Info: 
Info: Starting: Create HDL design files for synthesis
Info: qsys-generate /tmp/arc/829409691/alt7795_6890625537810218528.dir/0005_alt_em10g32_0_gen/rtl/address_decoder/ip/address_decode/address_decode_rx_xcvr_clk.ip --synthesis=VERILOG --output-directory=/tmp/arc/829409691/alt7795_6890625537810218528.dir/0005_alt_em10g32_0_gen/rtl/address_decoder/ip/address_decode/address_decode_rx_xcvr_clk --family="Stratix 10" --part=1SG280HU2F50E2VG
Warning: rx_xcvr_clk: Used clock_source 18.1 (instead of 17.1)
Info: address_decode_rx_xcvr_clk: "Transforming system: address_decode_rx_xcvr_clk"
Info: address_decode_rx_xcvr_clk: "Naming system components in system: address_decode_rx_xcvr_clk"
Info: address_decode_rx_xcvr_clk: "Processing generation queue"
Info: address_decode_rx_xcvr_clk: "Generating: address_decode_rx_xcvr_clk"
Info: address_decode_rx_xcvr_clk: Done "address_decode_rx_xcvr_clk" with 1 modules, 1 files
Info: qsys-generate succeeded.
Info: Finished: Create HDL design files for synthesis
Info: Starting: IP-XACT
Info: qsys-generate /tmp/arc/829409691/alt7795_6890625537810218528.dir/0005_alt_em10g32_0_gen/rtl/address_decoder/ip/address_decode/address_decode_rx_xcvr_clk.ip --synthesis=VERILOG --ipxact --output-directory=/tmp/arc/829409691/alt7795_6890625537810218528.dir/0005_alt_em10g32_0_gen/rtl/address_decoder/ip/address_decode/address_decode_rx_xcvr_clk --family="Stratix 10" --part=1SG280HU2F50E2VG
Info: Finished: IP-XACT
