Info: Generated by version: 18.1 build 222
Info: Starting: Create simulation model
Info: qsys-generate /tmp/arc/845491436/alt7821_7604303068892519685.dir/0002_alt_em10g32_0_gen/rtl/address_decoder/ip/address_decode/address_decode_clk_csr.ip --simulation=VERILOG --allow-mixed-language-simulation --output-directory=/tmp/arc/845491436/alt7821_7604303068892519685.dir/0002_alt_em10g32_0_gen/rtl/address_decoder/ip/address_decode/address_decode_clk_csr --family="Stratix 10" --part=1SG280HU2F50E2VG
Warning: clk_csr: Used clock_source 18.1 (instead of 17.1)
Info: address_decode_clk_csr: "Transforming system: address_decode_clk_csr"
Info: address_decode_clk_csr: "Naming system components in system: address_decode_clk_csr"
Info: address_decode_clk_csr: "Processing generation queue"
Info: address_decode_clk_csr: "Generating: address_decode_clk_csr"
Info: address_decode_clk_csr: Done "address_decode_clk_csr" with 1 modules, 1 files
Info: Generating the following file(s) for MODELSIM simulator in /tmp/arc/845491436/alt7821_7604303068892519685.dir/0002_alt_em10g32_0_gen/rtl/address_decoder/ip/address_decode/address_decode_clk_csr/sim/ directory:
Info: 	common/modelsim_files.tcl
Info: Generating the following file(s) for VCSMX simulator in /tmp/arc/845491436/alt7821_7604303068892519685.dir/0002_alt_em10g32_0_gen/rtl/address_decoder/ip/address_decode/address_decode_clk_csr/sim/ directory:
Info: 	common/vcsmx_files.tcl
Info: Generating the following file(s) for VCS simulator in /tmp/arc/845491436/alt7821_7604303068892519685.dir/0002_alt_em10g32_0_gen/rtl/address_decoder/ip/address_decode/address_decode_clk_csr/sim/ directory:
Info: 	common/vcs_files.tcl
Info: Generating the following file(s) for RIVIERA simulator in /tmp/arc/845491436/alt7821_7604303068892519685.dir/0002_alt_em10g32_0_gen/rtl/address_decoder/ip/address_decode/address_decode_clk_csr/sim/ directory:
Info: 	common/riviera_files.tcl
Info: Generating the following file(s) for NCSIM simulator in /tmp/arc/845491436/alt7821_7604303068892519685.dir/0002_alt_em10g32_0_gen/rtl/address_decoder/ip/address_decode/address_decode_clk_csr/sim/ directory:
Info: 	common/ncsim_files.tcl
Info: Generating the following file(s) for XCELIUM simulator in /tmp/arc/845491436/alt7821_7604303068892519685.dir/0002_alt_em10g32_0_gen/rtl/address_decoder/ip/address_decode/address_decode_clk_csr/sim/ directory:
Info: 	common/xcelium_files.tcl
Info: For information on how to simulate your IP, see the explanatory comments in the simulator-specific subdirectories under /tmp/arc/845491436/alt7821_7604303068892519685.dir/0002_alt_em10g32_0_gen/rtl/address_decoder/ip/address_decode/address_decode_clk_csr/sim/.
Info: Regenerate these scripts whenever you make any change to any Quartus-generated IP in your project.
Info: qsys-generate succeeded.
Info: Finished: Create simulation model
Info: 
Info: Starting: Create HDL design files for synthesis
Info: qsys-generate /tmp/arc/845491436/alt7821_7604303068892519685.dir/0002_alt_em10g32_0_gen/rtl/address_decoder/ip/address_decode/address_decode_clk_csr.ip --synthesis=VERILOG --output-directory=/tmp/arc/845491436/alt7821_7604303068892519685.dir/0002_alt_em10g32_0_gen/rtl/address_decoder/ip/address_decode/address_decode_clk_csr --family="Stratix 10" --part=1SG280HU2F50E2VG
Warning: clk_csr: Used clock_source 18.1 (instead of 17.1)
Info: address_decode_clk_csr: "Transforming system: address_decode_clk_csr"
Info: address_decode_clk_csr: "Naming system components in system: address_decode_clk_csr"
Info: address_decode_clk_csr: "Processing generation queue"
Info: address_decode_clk_csr: "Generating: address_decode_clk_csr"
Info: address_decode_clk_csr: Done "address_decode_clk_csr" with 1 modules, 1 files
Info: qsys-generate succeeded.
Info: Finished: Create HDL design files for synthesis
Info: Starting: IP-XACT
Info: qsys-generate /tmp/arc/845491436/alt7821_7604303068892519685.dir/0002_alt_em10g32_0_gen/rtl/address_decoder/ip/address_decode/address_decode_clk_csr.ip --synthesis=VERILOG --ipxact --output-directory=/tmp/arc/845491436/alt7821_7604303068892519685.dir/0002_alt_em10g32_0_gen/rtl/address_decoder/ip/address_decode/address_decode_clk_csr --family="Stratix 10" --part=1SG280HU2F50E2VG
Info: Finished: IP-XACT
