Info: Generated by version: 18.1 build 221
Info: Starting: Create simulation model
Info: qsys-generate /tmp/arc/829409691/alt7795_6890625537810218528.dir/0005_alt_em10g32_0_gen/rtl/fifo_scfifo/ip/sc_fifo/sc_fifo_rx_sc_fifo.ip --simulation=VERILOG --allow-mixed-language-simulation --output-directory=/tmp/arc/829409691/alt7795_6890625537810218528.dir/0005_alt_em10g32_0_gen/rtl/fifo_scfifo/ip/sc_fifo/sc_fifo_rx_sc_fifo --family="Stratix 10" --part=1SG280HU2F50E2VG
Warning: rx_sc_fifo: Invalid device name in input file: 1SG280LU3F50E3VGS1
Warning: rx_sc_fifo: Used altera_avalon_sc_fifo 18.1 (instead of 17.0)
Info: sc_fifo_rx_sc_fifo: "Transforming system: sc_fifo_rx_sc_fifo"
Info: sc_fifo_rx_sc_fifo: "Naming system components in system: sc_fifo_rx_sc_fifo"
Info: sc_fifo_rx_sc_fifo: "Processing generation queue"
Info: sc_fifo_rx_sc_fifo: "Generating: sc_fifo_rx_sc_fifo"
Info: sc_fifo_rx_sc_fifo: "Generating: sc_fifo_rx_sc_fifo_altera_avalon_sc_fifo_181_hseo73i"
Info: sc_fifo_rx_sc_fifo: Done "sc_fifo_rx_sc_fifo" with 2 modules, 2 files
Info: Generating the following file(s) for MODELSIM simulator in /tmp/arc/829409691/alt7795_6890625537810218528.dir/0005_alt_em10g32_0_gen/rtl/fifo_scfifo/ip/sc_fifo/sc_fifo_rx_sc_fifo/sim/ directory:
Info: 	common/modelsim_files.tcl
Info: Generating the following file(s) for VCSMX simulator in /tmp/arc/829409691/alt7795_6890625537810218528.dir/0005_alt_em10g32_0_gen/rtl/fifo_scfifo/ip/sc_fifo/sc_fifo_rx_sc_fifo/sim/ directory:
Info: 	common/vcsmx_files.tcl
Info: Generating the following file(s) for VCS simulator in /tmp/arc/829409691/alt7795_6890625537810218528.dir/0005_alt_em10g32_0_gen/rtl/fifo_scfifo/ip/sc_fifo/sc_fifo_rx_sc_fifo/sim/ directory:
Info: 	common/vcs_files.tcl
Info: Generating the following file(s) for RIVIERA simulator in /tmp/arc/829409691/alt7795_6890625537810218528.dir/0005_alt_em10g32_0_gen/rtl/fifo_scfifo/ip/sc_fifo/sc_fifo_rx_sc_fifo/sim/ directory:
Info: 	common/riviera_files.tcl
Info: Generating the following file(s) for NCSIM simulator in /tmp/arc/829409691/alt7795_6890625537810218528.dir/0005_alt_em10g32_0_gen/rtl/fifo_scfifo/ip/sc_fifo/sc_fifo_rx_sc_fifo/sim/ directory:
Info: 	common/ncsim_files.tcl
Info: Generating the following file(s) for XCELIUM simulator in /tmp/arc/829409691/alt7795_6890625537810218528.dir/0005_alt_em10g32_0_gen/rtl/fifo_scfifo/ip/sc_fifo/sc_fifo_rx_sc_fifo/sim/ directory:
Info: 	common/xcelium_files.tcl
Info: For information on how to simulate your IP, see the explanatory comments in the simulator-specific subdirectories under /tmp/arc/829409691/alt7795_6890625537810218528.dir/0005_alt_em10g32_0_gen/rtl/fifo_scfifo/ip/sc_fifo/sc_fifo_rx_sc_fifo/sim/.
Info: Regenerate these scripts whenever you make any change to any Quartus-generated IP in your project.
Info: qsys-generate succeeded.
Info: Finished: Create simulation model
Info: 
Info: Starting: Create HDL design files for synthesis
Info: qsys-generate /tmp/arc/829409691/alt7795_6890625537810218528.dir/0005_alt_em10g32_0_gen/rtl/fifo_scfifo/ip/sc_fifo/sc_fifo_rx_sc_fifo.ip --synthesis=VERILOG --output-directory=/tmp/arc/829409691/alt7795_6890625537810218528.dir/0005_alt_em10g32_0_gen/rtl/fifo_scfifo/ip/sc_fifo/sc_fifo_rx_sc_fifo --family="Stratix 10" --part=1SG280HU2F50E2VG
Warning: rx_sc_fifo: Invalid device name in input file: 1SG280LU3F50E3VGS1
Warning: rx_sc_fifo: Used altera_avalon_sc_fifo 18.1 (instead of 17.0)
Info: sc_fifo_rx_sc_fifo: "Transforming system: sc_fifo_rx_sc_fifo"
Info: sc_fifo_rx_sc_fifo: "Naming system components in system: sc_fifo_rx_sc_fifo"
Info: sc_fifo_rx_sc_fifo: "Processing generation queue"
Info: sc_fifo_rx_sc_fifo: "Generating: sc_fifo_rx_sc_fifo"
Info: sc_fifo_rx_sc_fifo: "Generating: sc_fifo_rx_sc_fifo_altera_avalon_sc_fifo_181_hseo73i"
Info: sc_fifo_rx_sc_fifo: Done "sc_fifo_rx_sc_fifo" with 2 modules, 2 files
Info: qsys-generate succeeded.
Info: Finished: Create HDL design files for synthesis
Info: Starting: IP-XACT
Info: qsys-generate /tmp/arc/829409691/alt7795_6890625537810218528.dir/0005_alt_em10g32_0_gen/rtl/fifo_scfifo/ip/sc_fifo/sc_fifo_rx_sc_fifo.ip --synthesis=VERILOG --ipxact --output-directory=/tmp/arc/829409691/alt7795_6890625537810218528.dir/0005_alt_em10g32_0_gen/rtl/fifo_scfifo/ip/sc_fifo/sc_fifo_rx_sc_fifo --family="Stratix 10" --part=1SG280HU2F50E2VG
Info: Finished: IP-XACT
