Info: Generated by version: 17.0 build 290
Info: Starting: Create simulation model
Info: qsys-generate /data/ecustodi/workspaces/hssi/p4/platform/dcp_1.0-skx/design/hssi_eth/e10/pll_mpll/pll.qsys --simulation=VERILOG --allow-mixed-language-simulation --output-directory=/data/ecustodi/workspaces/hssi/p4/platform/dcp_1.0-skx/design/hssi_eth/e10/pll_mpll/pll --family="Arria 10" --part=10AX115N3F40E2SG
Progress: Loading pll_mpll/pll.qsys
Progress: Reading input file
Progress: Adding iopll_0 [altera_iopll 17.0]
Progress: Parameterizing module iopll_0
Progress: Building connections
Progress: Parameterizing connections
Progress: Validating
Progress: Done reading input file
Info: pll.iopll_0: Able to implement PLL with user settings
Info: pll: "Transforming system: pll"
Info: pll: Running transform generation_view_transform
Info: pll: Running transform generation_view_transform took 0.001s
Info: iopll_0: Running transform generation_view_transform
Info: iopll_0: Running transform generation_view_transform took 0.000s
Info: pll: Running transform interconnect_transform_chooser
Info: pll: Running transform interconnect_transform_chooser took 0.072s
Info: pll: "Naming system components in system: pll"
Info: pll: "Processing generation queue"
Info: pll: "Generating: pll"
Info: pll: "Generating: pll_altera_iopll_170_yi6tfeq"
Info: pll: Done "pll" with 2 modules, 2 files
Info: qsys-generate succeeded.
Info: Finished: Create simulation model
Info: Starting: Create Modelsim Project.
Info: sim-script-gen --spd=/data/ecustodi/workspaces/hssi/p4/platform/dcp_1.0-skx/design/hssi_eth/e10/pll_mpll/pll/pll.spd --output-directory=/data/ecustodi/workspaces/hssi/p4/platform/dcp_1.0-skx/design/hssi_eth/e10/pll_mpll/pll/sim/ --use-relative-paths=true
Info: Doing: ip-make-simscript --spd=/data/ecustodi/workspaces/hssi/p4/platform/dcp_1.0-skx/design/hssi_eth/e10/pll_mpll/pll/pll.spd --output-directory=/data/ecustodi/workspaces/hssi/p4/platform/dcp_1.0-skx/design/hssi_eth/e10/pll_mpll/pll/sim/ --use-relative-paths=true
Info: Generating the following file(s) for MODELSIM simulator in /data/ecustodi/workspaces/hssi/p4/platform/dcp_1.0-skx/design/hssi_eth/e10/pll_mpll/pll/sim/ directory:
Info: 	mentor/msim_setup.tcl
Info: Generating the following file(s) for VCS simulator in /data/ecustodi/workspaces/hssi/p4/platform/dcp_1.0-skx/design/hssi_eth/e10/pll_mpll/pll/sim/ directory:
Info: 	synopsys/vcs/vcs_setup.sh
Info: Generating the following file(s) for VCSMX simulator in /data/ecustodi/workspaces/hssi/p4/platform/dcp_1.0-skx/design/hssi_eth/e10/pll_mpll/pll/sim/ directory:
Info: 	synopsys/vcsmx/synopsys_sim.setup
Info: 	synopsys/vcsmx/vcsmx_setup.sh
Info: Generating the following file(s) for NCSIM simulator in /data/ecustodi/workspaces/hssi/p4/platform/dcp_1.0-skx/design/hssi_eth/e10/pll_mpll/pll/sim/ directory:
Info: 	cadence/cds.lib
Info: 	cadence/hdl.var
Info: 	cadence/ncsim_setup.sh
Info: 	2 .cds.lib files in cadence/cds_libs/ directory
Info: Generating the following file(s) for RIVIERA simulator in /data/ecustodi/workspaces/hssi/p4/platform/dcp_1.0-skx/design/hssi_eth/e10/pll_mpll/pll/sim/ directory:
Info: 	aldec/rivierapro_setup.tcl
Info: For information on how to simulate your IP, see the explanatory comments in the simulator-specific subdirectories under /data/ecustodi/workspaces/hssi/p4/platform/dcp_1.0-skx/design/hssi_eth/e10/pll_mpll/pll/sim/.
Info: Regenerate these scripts whenever you make any change to any Quartus-generated IP in your project.
Info: Finished: Create Modelsim Project.
Info: Starting: Create block symbol file (.bsf)
Info: qsys-generate /data/ecustodi/workspaces/hssi/p4/platform/dcp_1.0-skx/design/hssi_eth/e10/pll_mpll/pll.qsys --block-symbol-file --output-directory=/data/ecustodi/workspaces/hssi/p4/platform/dcp_1.0-skx/design/hssi_eth/e10/pll_mpll/pll --family="Arria 10" --part=10AX115N3F40E2SG
Progress: Loading pll_mpll/pll.qsys
Progress: Reading input file
Progress: Adding iopll_0 [altera_iopll 17.0]
Progress: Parameterizing module iopll_0
Progress: Building connections
Progress: Parameterizing connections
Progress: Validating
Progress: Done reading input file
Info: pll.iopll_0: Able to implement PLL with user settings
Info: qsys-generate succeeded.
Info: Finished: Create block symbol file (.bsf)
Info: 
Info: Starting: Create HDL design files for synthesis
Info: qsys-generate /data/ecustodi/workspaces/hssi/p4/platform/dcp_1.0-skx/design/hssi_eth/e10/pll_mpll/pll.qsys --synthesis=VERILOG --output-directory=/data/ecustodi/workspaces/hssi/p4/platform/dcp_1.0-skx/design/hssi_eth/e10/pll_mpll/pll --family="Arria 10" --part=10AX115N3F40E2SG
Progress: Loading pll_mpll/pll.qsys
Progress: Reading input file
Progress: Adding iopll_0 [altera_iopll 17.0]
Progress: Parameterizing module iopll_0
Progress: Building connections
Progress: Parameterizing connections
Progress: Validating
Progress: Done reading input file
Info: pll.iopll_0: Able to implement PLL with user settings
Info: pll: "Transforming system: pll"
Info: pll: Running transform generation_view_transform
Info: pll: Running transform generation_view_transform took 0.000s
Info: iopll_0: Running transform generation_view_transform
Info: iopll_0: Running transform generation_view_transform took 0.000s
Info: pll: Running transform interconnect_transform_chooser
Info: pll: Running transform interconnect_transform_chooser took 0.008s
Info: pll: "Naming system components in system: pll"
Info: pll: "Processing generation queue"
Info: pll: "Generating: pll"
Info: pll: "Generating: pll_altera_iopll_170_yi6tfeq"
Info: pll: Done "pll" with 2 modules, 2 files
Info: qsys-generate succeeded.
Info: Finished: Create HDL design files for synthesis
