Info: Generated by version: 17.0 build 290
Info: Starting: Create simulation model
Info: qsys-generate /data/ecustodi/workspaces/hssi/p4/platform/dcp_1.0-skx/design/hssi_eth/e10/fifo_dcfifo/ip/dc_fifo/dc_fifo_0.ip --simulation=VERILOG --allow-mixed-language-simulation --output-directory=/data/ecustodi/workspaces/hssi/p4/platform/dcp_1.0-skx/design/hssi_eth/e10/fifo_dcfifo/ip/dc_fifo/dc_fifo_0 --family="Arria 10" --part=10AX115N3F40E2SG
Info: dc_fifo_0: "Transforming system: dc_fifo_0"
Info: dc_fifo_0: Running transform generation_view_transform
Info: dc_fifo_0: Running transform generation_view_transform took 0.001s
Info: dc_fifo_0: Running transform generation_view_transform
Info: dc_fifo_0: Running transform generation_view_transform took 0.001s
Info: dc_fifo_0: Running transform interconnect_transform_chooser
Info: dc_fifo_0: Running transform interconnect_transform_chooser took 0.299s
Info: dc_fifo_0: "Naming system components in system: dc_fifo_0"
Info: dc_fifo_0: "Processing generation queue"
Info: dc_fifo_0: "Generating: dc_fifo_0"
Info: dc_fifo_0: "Generating: altera_avalon_dc_fifo"
Info: dc_fifo_0: Done "dc_fifo_0" with 2 modules, 4 files
Info: qsys-generate succeeded.
Info: Finished: Create simulation model
Info: Starting: Create Modelsim Project.
Info: sim-script-gen --spd=/data/ecustodi/workspaces/hssi/p4/platform/dcp_1.0-skx/design/hssi_eth/e10/fifo_dcfifo/ip/dc_fifo/dc_fifo_0/dc_fifo_0.spd --output-directory=/data/ecustodi/workspaces/hssi/p4/platform/dcp_1.0-skx/design/hssi_eth/e10/fifo_dcfifo/ip/dc_fifo/dc_fifo_0/sim/ --use-relative-paths=true
Info: Doing: ip-make-simscript --spd=/data/ecustodi/workspaces/hssi/p4/platform/dcp_1.0-skx/design/hssi_eth/e10/fifo_dcfifo/ip/dc_fifo/dc_fifo_0/dc_fifo_0.spd --output-directory=/data/ecustodi/workspaces/hssi/p4/platform/dcp_1.0-skx/design/hssi_eth/e10/fifo_dcfifo/ip/dc_fifo/dc_fifo_0/sim/ --use-relative-paths=true
Info: Generating the following file(s) for MODELSIM simulator in /data/ecustodi/workspaces/hssi/p4/platform/dcp_1.0-skx/design/hssi_eth/e10/fifo_dcfifo/ip/dc_fifo/dc_fifo_0/sim/ directory:
Info: 	mentor/msim_setup.tcl
Info: Generating the following file(s) for VCS simulator in /data/ecustodi/workspaces/hssi/p4/platform/dcp_1.0-skx/design/hssi_eth/e10/fifo_dcfifo/ip/dc_fifo/dc_fifo_0/sim/ directory:
Info: 	synopsys/vcs/vcs_setup.sh
Info: Generating the following file(s) for VCSMX simulator in /data/ecustodi/workspaces/hssi/p4/platform/dcp_1.0-skx/design/hssi_eth/e10/fifo_dcfifo/ip/dc_fifo/dc_fifo_0/sim/ directory:
Info: 	synopsys/vcsmx/synopsys_sim.setup
Info: 	synopsys/vcsmx/vcsmx_setup.sh
Info: Generating the following file(s) for NCSIM simulator in /data/ecustodi/workspaces/hssi/p4/platform/dcp_1.0-skx/design/hssi_eth/e10/fifo_dcfifo/ip/dc_fifo/dc_fifo_0/sim/ directory:
Info: 	cadence/cds.lib
Info: 	cadence/hdl.var
Info: 	cadence/ncsim_setup.sh
Info: 	2 .cds.lib files in cadence/cds_libs/ directory
Info: Generating the following file(s) for RIVIERA simulator in /data/ecustodi/workspaces/hssi/p4/platform/dcp_1.0-skx/design/hssi_eth/e10/fifo_dcfifo/ip/dc_fifo/dc_fifo_0/sim/ directory:
Info: 	aldec/rivierapro_setup.tcl
Info: For information on how to simulate your IP, see the explanatory comments in the simulator-specific subdirectories under /data/ecustodi/workspaces/hssi/p4/platform/dcp_1.0-skx/design/hssi_eth/e10/fifo_dcfifo/ip/dc_fifo/dc_fifo_0/sim/.
Info: Regenerate these scripts whenever you make any change to any Quartus-generated IP in your project.
Info: Finished: Create Modelsim Project.
Info: 
Info: Starting: Create HDL design files for synthesis
Info: qsys-generate /data/ecustodi/workspaces/hssi/p4/platform/dcp_1.0-skx/design/hssi_eth/e10/fifo_dcfifo/ip/dc_fifo/dc_fifo_0.ip --synthesis=VERILOG --output-directory=/data/ecustodi/workspaces/hssi/p4/platform/dcp_1.0-skx/design/hssi_eth/e10/fifo_dcfifo/ip/dc_fifo/dc_fifo_0 --family="Arria 10" --part=10AX115N3F40E2SG
Info: dc_fifo_0: "Transforming system: dc_fifo_0"
Info: dc_fifo_0: Running transform generation_view_transform
Info: dc_fifo_0: Running transform generation_view_transform took 0.000s
Info: dc_fifo_0: Running transform generation_view_transform
Info: dc_fifo_0: Running transform generation_view_transform took 0.000s
Info: dc_fifo_0: Running transform interconnect_transform_chooser
Info: dc_fifo_0: Running transform interconnect_transform_chooser took 0.008s
Info: dc_fifo_0: "Naming system components in system: dc_fifo_0"
Info: dc_fifo_0: "Processing generation queue"
Info: dc_fifo_0: "Generating: dc_fifo_0"
Info: dc_fifo_0: "Generating: altera_avalon_dc_fifo"
Info: dc_fifo_0: Done "dc_fifo_0" with 2 modules, 5 files
Info: qsys-generate succeeded.
Info: Finished: Create HDL design files for synthesis
